INFO:root:RUNNING classif. experiments: lang=EN, num_folds=5, max_seq_len=256, eval=None, rnd_seed=1943123, test=False
INFO:root:... SEED = 1943123
INFO:root:... HPARAMS = learning_rate: 2e-05; num_train_epochs: 5; warmup: 0.1; weight_decay: 0.01; batch_size: 16
INFO:root:RUNNING crossvalid. for model: bert-base-cased
INFO:root:Starting Fold 1
INFO:root:model built
INFO:root:Fold 1 scores:
INFO:root:F1: 0.533; P: 0.478; R: 0.628
INFO:root:AGENT-F1: 0.614; AGENT-P: 0.611; AGENT-R: 0.618
INFO:root:AGENT-F1-b: 0.839; AGENT-P-b: 0.768; AGENT-R-b: 0.924
INFO:root:CAMPAIGNER-F1: 0.552; CAMPAIGNER-P: 0.550; CAMPAIGNER-R: 0.554
INFO:root:CAMPAIGNER-F1-b: 0.796; CAMPAIGNER-P-b: 0.740; CAMPAIGNER-R-b: 0.861
INFO:root:FACILITATOR-F1: 0.388; FACILITATOR-P: 0.330; FACILITATOR-R: 0.471
INFO:root:FACILITATOR-F1-b: 0.603; FACILITATOR-P-b: 0.485; FACILITATOR-R-b: 0.798
INFO:root:NEGATIVE_EFFECT-F1: 0.557; NEGATIVE_EFFECT-P: 0.457; NEGATIVE_EFFECT-R: 0.712
INFO:root:NEGATIVE_EFFECT-F1-b: 0.740; NEGATIVE_EFFECT-P-b: 0.668; NEGATIVE_EFFECT-R-b: 0.829
INFO:root:OBJECTIVE-F1: 0.470; OBJECTIVE-P: 0.344; OBJECTIVE-R: 0.739
INFO:root:OBJECTIVE-F1-b: 0.623; OBJECTIVE-P-b: 0.494; OBJECTIVE-R-b: 0.843
INFO:root:VICTIM-F1: 0.620; VICTIM-P: 0.575; VICTIM-R: 0.672
INFO:root:VICTIM-F1-b: 0.784; VICTIM-P-b: 0.737; VICTIM-R-b: 0.838
INFO:root:Starting Fold 2
INFO:root:model built
INFO:root:Fold 2 scores:
INFO:root:F1: 0.532; P: 0.462; R: 0.658
INFO:root:AGENT-F1: 0.639; AGENT-P: 0.626; AGENT-R: 0.653
INFO:root:AGENT-F1-b: 0.835; AGENT-P-b: 0.794; AGENT-R-b: 0.879
INFO:root:CAMPAIGNER-F1: 0.546; CAMPAIGNER-P: 0.529; CAMPAIGNER-R: 0.564
INFO:root:CAMPAIGNER-F1-b: 0.797; CAMPAIGNER-P-b: 0.733; CAMPAIGNER-R-b: 0.874
INFO:root:FACILITATOR-F1: 0.346; FACILITATOR-P: 0.285; FACILITATOR-R: 0.439
INFO:root:FACILITATOR-F1-b: 0.561; FACILITATOR-P-b: 0.455; FACILITATOR-R-b: 0.731
INFO:root:NEGATIVE_EFFECT-F1: 0.592; NEGATIVE_EFFECT-P: 0.454; NEGATIVE_EFFECT-R: 0.851
INFO:root:NEGATIVE_EFFECT-F1-b: 0.753; NEGATIVE_EFFECT-P-b: 0.654; NEGATIVE_EFFECT-R-b: 0.888
INFO:root:OBJECTIVE-F1: 0.472; OBJECTIVE-P: 0.339; OBJECTIVE-R: 0.772
INFO:root:OBJECTIVE-F1-b: 0.593; OBJECTIVE-P-b: 0.454; OBJECTIVE-R-b: 0.856
INFO:root:VICTIM-F1: 0.597; VICTIM-P: 0.538; VICTIM-R: 0.670
INFO:root:VICTIM-F1-b: 0.772; VICTIM-P-b: 0.693; VICTIM-R-b: 0.872
INFO:root:Starting Fold 3
INFO:root:model built
INFO:root:Fold 3 scores:
INFO:root:F1: 0.518; P: 0.454; R: 0.632
INFO:root:AGENT-F1: 0.534; AGENT-P: 0.568; AGENT-R: 0.503
INFO:root:AGENT-F1-b: 0.812; AGENT-P-b: 0.765; AGENT-R-b: 0.865
INFO:root:CAMPAIGNER-F1: 0.566; CAMPAIGNER-P: 0.533; CAMPAIGNER-R: 0.602
INFO:root:CAMPAIGNER-F1-b: 0.785; CAMPAIGNER-P-b: 0.725; CAMPAIGNER-R-b: 0.856
INFO:root:FACILITATOR-F1: 0.405; FACILITATOR-P: 0.338; FACILITATOR-R: 0.504
INFO:root:FACILITATOR-F1-b: 0.558; FACILITATOR-P-b: 0.450; FACILITATOR-R-b: 0.734
INFO:root:NEGATIVE_EFFECT-F1: 0.559; NEGATIVE_EFFECT-P: 0.448; NEGATIVE_EFFECT-R: 0.742
INFO:root:NEGATIVE_EFFECT-F1-b: 0.769; NEGATIVE_EFFECT-P-b: 0.676; NEGATIVE_EFFECT-R-b: 0.893
INFO:root:OBJECTIVE-F1: 0.462; OBJECTIVE-P: 0.333; OBJECTIVE-R: 0.754
INFO:root:OBJECTIVE-F1-b: 0.569; OBJECTIVE-P-b: 0.440; OBJECTIVE-R-b: 0.805
INFO:root:VICTIM-F1: 0.580; VICTIM-P: 0.503; VICTIM-R: 0.684
INFO:root:VICTIM-F1-b: 0.755; VICTIM-P-b: 0.653; VICTIM-R-b: 0.895
INFO:root:Starting Fold 4
INFO:root:model built
INFO:root:Fold 4 scores:
INFO:root:F1: 0.512; P: 0.427; R: 0.667
INFO:root:AGENT-F1: 0.608; AGENT-P: 0.568; AGENT-R: 0.654
INFO:root:AGENT-F1-b: 0.832; AGENT-P-b: 0.773; AGENT-R-b: 0.900
INFO:root:CAMPAIGNER-F1: 0.553; CAMPAIGNER-P: 0.492; CAMPAIGNER-R: 0.632
INFO:root:CAMPAIGNER-F1-b: 0.772; CAMPAIGNER-P-b: 0.706; CAMPAIGNER-R-b: 0.852
INFO:root:FACILITATOR-F1: 0.369; FACILITATOR-P: 0.288; FACILITATOR-R: 0.514
INFO:root:FACILITATOR-F1-b: 0.563; FACILITATOR-P-b: 0.435; FACILITATOR-R-b: 0.798
INFO:root:NEGATIVE_EFFECT-F1: 0.557; NEGATIVE_EFFECT-P: 0.433; NEGATIVE_EFFECT-R: 0.778
INFO:root:NEGATIVE_EFFECT-F1-b: 0.761; NEGATIVE_EFFECT-P-b: 0.675; NEGATIVE_EFFECT-R-b: 0.874
INFO:root:OBJECTIVE-F1: 0.416; OBJECTIVE-P: 0.288; OBJECTIVE-R: 0.752
INFO:root:OBJECTIVE-F1-b: 0.549; OBJECTIVE-P-b: 0.423; OBJECTIVE-R-b: 0.783
INFO:root:VICTIM-F1: 0.568; VICTIM-P: 0.493; VICTIM-R: 0.670
INFO:root:VICTIM-F1-b: 0.742; VICTIM-P-b: 0.647; VICTIM-R-b: 0.871
INFO:root:Starting Fold 5
INFO:root:model built
INFO:root:Fold 5 scores:
INFO:root:F1: 0.520; P: 0.456; R: 0.629
INFO:root:AGENT-F1: 0.611; AGENT-P: 0.593; AGENT-R: 0.630
INFO:root:AGENT-F1-b: 0.822; AGENT-P-b: 0.766; AGENT-R-b: 0.886
INFO:root:CAMPAIGNER-F1: 0.506; CAMPAIGNER-P: 0.490; CAMPAIGNER-R: 0.523
INFO:root:CAMPAIGNER-F1-b: 0.807; CAMPAIGNER-P-b: 0.763; CAMPAIGNER-R-b: 0.856
INFO:root:FACILITATOR-F1: 0.357; FACILITATOR-P: 0.311; FACILITATOR-R: 0.419
INFO:root:FACILITATOR-F1-b: 0.550; FACILITATOR-P-b: 0.448; FACILITATOR-R-b: 0.712
INFO:root:NEGATIVE_EFFECT-F1: 0.605; NEGATIVE_EFFECT-P: 0.484; NEGATIVE_EFFECT-R: 0.805
INFO:root:NEGATIVE_EFFECT-F1-b: 0.764; NEGATIVE_EFFECT-P-b: 0.682; NEGATIVE_EFFECT-R-b: 0.869
INFO:root:OBJECTIVE-F1: 0.453; OBJECTIVE-P: 0.329; OBJECTIVE-R: 0.731
INFO:root:OBJECTIVE-F1-b: 0.540; OBJECTIVE-P-b: 0.408; OBJECTIVE-R-b: 0.801
INFO:root:VICTIM-F1: 0.589; VICTIM-P: 0.528; VICTIM-R: 0.666
INFO:root:VICTIM-F1-b: 0.763; VICTIM-P-b: 0.684; VICTIM-R-b: 0.863
INFO:root:CROSSVALIDATION results:
INFO:root:P       : count: 5.000; mean: 0.455; std: 0.018; min: 0.427; 25%: 0.454; 50%: 0.456; 75%: 0.462; max: 0.478
INFO:root:R       : count: 5.000; mean: 0.643; std: 0.018; min: 0.628; 25%: 0.629; 50%: 0.632; 75%: 0.658; max: 0.667
INFO:root:F1      : count: 5.000; mean: 0.523; std: 0.009; min: 0.512; 25%: 0.518; 50%: 0.520; 75%: 0.532; max: 0.533
INFO:root:AGENT-F1: count: 5.000; mean: 0.601; std: 0.040; min: 0.534; 25%: 0.608; 50%: 0.611; 75%: 0.614; max: 0.639
INFO:root:AGENT-P : count: 5.000; mean: 0.593; std: 0.026; min: 0.568; 25%: 0.568; 50%: 0.593; 75%: 0.611; max: 0.626
INFO:root:AGENT-R : count: 5.000; mean: 0.611; std: 0.063; min: 0.503; 25%: 0.618; 50%: 0.630; 75%: 0.653; max: 0.654
INFO:root:CAMPAIGNER-F1: count: 5.000; mean: 0.545; std: 0.023; min: 0.506; 25%: 0.546; 50%: 0.552; 75%: 0.553; max: 0.566
INFO:root:CAMPAIGNER-P: count: 5.000; mean: 0.519; std: 0.026; min: 0.490; 25%: 0.492; 50%: 0.529; 75%: 0.533; max: 0.550
INFO:root:CAMPAIGNER-R: count: 5.000; mean: 0.575; std: 0.043; min: 0.523; 25%: 0.554; 50%: 0.564; 75%: 0.602; max: 0.632
INFO:root:FACILITATOR-F1: count: 5.000; mean: 0.373; std: 0.024; min: 0.346; 25%: 0.357; 50%: 0.369; 75%: 0.388; max: 0.405
INFO:root:FACILITATOR-P: count: 5.000; mean: 0.310; std: 0.024; min: 0.285; 25%: 0.288; 50%: 0.311; 75%: 0.330; max: 0.338
INFO:root:FACILITATOR-R: count: 5.000; mean: 0.469; std: 0.041; min: 0.419; 25%: 0.439; 50%: 0.471; 75%: 0.504; max: 0.514
INFO:root:NEGATIVE_EFFECT-F1: count: 5.000; mean: 0.574; std: 0.023; min: 0.557; 25%: 0.557; 50%: 0.559; 75%: 0.592; max: 0.605
INFO:root:NEGATIVE_EFFECT-P: count: 5.000; mean: 0.455; std: 0.018; min: 0.433; 25%: 0.448; 50%: 0.454; 75%: 0.457; max: 0.484
INFO:root:NEGATIVE_EFFECT-R: count: 5.000; mean: 0.778; std: 0.054; min: 0.712; 25%: 0.742; 50%: 0.778; 75%: 0.805; max: 0.851
INFO:root:OBJECTIVE-F1: count: 5.000; mean: 0.455; std: 0.023; min: 0.416; 25%: 0.453; 50%: 0.462; 75%: 0.470; max: 0.472
INFO:root:OBJECTIVE-P: count: 5.000; mean: 0.327; std: 0.022; min: 0.288; 25%: 0.329; 50%: 0.333; 75%: 0.339; max: 0.344
INFO:root:OBJECTIVE-R: count: 5.000; mean: 0.750; std: 0.016; min: 0.731; 25%: 0.739; 50%: 0.752; 75%: 0.754; max: 0.772
INFO:root:VICTIM-F1: count: 5.000; mean: 0.591; std: 0.019; min: 0.568; 25%: 0.580; 50%: 0.589; 75%: 0.597; max: 0.620
INFO:root:VICTIM-P: count: 5.000; mean: 0.527; std: 0.032; min: 0.493; 25%: 0.503; 50%: 0.528; 75%: 0.538; max: 0.575
INFO:root:VICTIM-R: count: 5.000; mean: 0.673; std: 0.007; min: 0.666; 25%: 0.670; 50%: 0.670; 75%: 0.672; max: 0.684
INFO:root:micro-P : count: 5.000; mean: 0.466; std: 0.018; min: 0.437; 25%: 0.462; 50%: 0.472; 75%: 0.473; max: 0.486
INFO:root:macro-P : count: 5.000; mean: 0.455; std: 0.018; min: 0.427; 25%: 0.454; 50%: 0.456; 75%: 0.462; max: 0.478
INFO:root:micro-R : count: 5.000; mean: 0.487; std: 0.023; min: 0.456; 25%: 0.474; 50%: 0.487; 75%: 0.506; max: 0.513
INFO:root:macro-R : count: 5.000; mean: 0.643; std: 0.018; min: 0.628; 25%: 0.629; 50%: 0.632; 75%: 0.658; max: 0.667
INFO:root:micro-F1: count: 5.000; mean: 0.476; std: 0.012; min: 0.459; 25%: 0.469; 50%: 0.479; 75%: 0.480; max: 0.492
INFO:root:macro-F1: count: 5.000; mean: 0.523; std: 0.009; min: 0.512; 25%: 0.518; 50%: 0.520; 75%: 0.532; max: 0.533
INFO:root:AGENT-F1m-b: count: 5.000; mean: 0.808; std: 0.009; min: 0.795; 25%: 0.805; 50%: 0.812; 75%: 0.814; max: 0.816
INFO:root:AGENT-F1-b: count: 5.000; mean: 0.828; std: 0.011; min: 0.812; 25%: 0.822; 50%: 0.832; 75%: 0.835; max: 0.839
INFO:root:AGENT-P-b: count: 5.000; mean: 0.773; std: 0.012; min: 0.765; 25%: 0.766; 50%: 0.768; 75%: 0.773; max: 0.794
INFO:root:AGENT-R-b: count: 5.000; mean: 0.891; std: 0.023; min: 0.865; 25%: 0.879; 50%: 0.886; 75%: 0.900; max: 0.924
INFO:root:CAMPAIGNER-F1m-b: count: 5.000; mean: 0.742; std: 0.009; min: 0.729; 25%: 0.740; 50%: 0.743; 75%: 0.745; max: 0.754
INFO:root:CAMPAIGNER-F1-b: count: 5.000; mean: 0.791; std: 0.013; min: 0.772; 25%: 0.785; 50%: 0.796; 75%: 0.797; max: 0.807
INFO:root:CAMPAIGNER-P-b: count: 5.000; mean: 0.733; std: 0.021; min: 0.706; 25%: 0.725; 50%: 0.733; 75%: 0.740; max: 0.763
INFO:root:CAMPAIGNER-R-b: count: 5.000; mean: 0.860; std: 0.008; min: 0.852; 25%: 0.856; 50%: 0.856; 75%: 0.861; max: 0.874
INFO:root:FACILITATOR-F1m-b: count: 5.000; mean: 0.665; std: 0.014; min: 0.649; 25%: 0.659; 50%: 0.664; 75%: 0.669; max: 0.686
INFO:root:FACILITATOR-F1-b: count: 5.000; mean: 0.567; std: 0.021; min: 0.550; 25%: 0.558; 50%: 0.561; 75%: 0.563; max: 0.603
INFO:root:FACILITATOR-P-b: count: 5.000; mean: 0.454; std: 0.019; min: 0.435; 25%: 0.448; 50%: 0.450; 75%: 0.455; max: 0.485
INFO:root:FACILITATOR-R-b: count: 5.000; mean: 0.755; std: 0.041; min: 0.712; 25%: 0.731; 50%: 0.734; 75%: 0.798; max: 0.798
INFO:root:NEGATIVE_EFFECT-F1m-b: count: 5.000; mean: 0.728; std: 0.009; min: 0.717; 25%: 0.723; 50%: 0.729; 75%: 0.730; max: 0.741
INFO:root:NEGATIVE_EFFECT-F1-b: count: 5.000; mean: 0.758; std: 0.012; min: 0.740; 25%: 0.753; 50%: 0.761; 75%: 0.764; max: 0.769
INFO:root:NEGATIVE_EFFECT-P-b: count: 5.000; mean: 0.671; std: 0.011; min: 0.654; 25%: 0.668; 50%: 0.675; 75%: 0.676; max: 0.682
INFO:root:NEGATIVE_EFFECT-R-b: count: 5.000; mean: 0.871; std: 0.025; min: 0.829; 25%: 0.869; 50%: 0.874; 75%: 0.888; max: 0.893
INFO:root:OBJECTIVE-F1m-b: count: 5.000; mean: 0.688; std: 0.021; min: 0.664; 25%: 0.672; 50%: 0.689; 75%: 0.699; max: 0.717
INFO:root:OBJECTIVE-F1-b: count: 5.000; mean: 0.575; std: 0.034; min: 0.540; 25%: 0.549; 50%: 0.569; 75%: 0.593; max: 0.623
INFO:root:OBJECTIVE-P-b: count: 5.000; mean: 0.444; std: 0.033; min: 0.408; 25%: 0.423; 50%: 0.440; 75%: 0.454; max: 0.494
INFO:root:OBJECTIVE-R-b: count: 5.000; mean: 0.818; std: 0.031; min: 0.783; 25%: 0.801; 50%: 0.805; 75%: 0.843; max: 0.856
INFO:root:VICTIM-F1m-b: count: 5.000; mean: 0.771; std: 0.011; min: 0.761; 25%: 0.763; 50%: 0.769; 75%: 0.770; max: 0.790
INFO:root:VICTIM-F1-b: count: 5.000; mean: 0.763; std: 0.016; min: 0.742; 25%: 0.755; 50%: 0.763; 75%: 0.772; max: 0.784
INFO:root:VICTIM-P-b: count: 5.000; mean: 0.683; std: 0.036; min: 0.647; 25%: 0.653; 50%: 0.684; 75%: 0.693; max: 0.737
INFO:root:VICTIM-R-b: count: 5.000; mean: 0.868; std: 0.021; min: 0.838; 25%: 0.863; 50%: 0.871; 75%: 0.872; max: 0.895
INFO:root:Per-fold scores:
INFO:root:P       : [0.478, 0.462, 0.454, 0.427, 0.456]
INFO:root:R       : [0.628, 0.658, 0.632, 0.667, 0.629]
INFO:root:F1      : [0.533, 0.532, 0.518, 0.512, 0.520]
INFO:root:AGENT-F1: [0.614, 0.639, 0.534, 0.608, 0.611]
INFO:root:AGENT-P : [0.611, 0.626, 0.568, 0.568, 0.593]
INFO:root:AGENT-R : [0.618, 0.653, 0.503, 0.654, 0.630]
INFO:root:CAMPAIGNER-F1: [0.552, 0.546, 0.566, 0.553, 0.506]
INFO:root:CAMPAIGNER-P: [0.550, 0.529, 0.533, 0.492, 0.490]
INFO:root:CAMPAIGNER-R: [0.554, 0.564, 0.602, 0.632, 0.523]
INFO:root:FACILITATOR-F1: [0.388, 0.346, 0.405, 0.369, 0.357]
INFO:root:FACILITATOR-P: [0.330, 0.285, 0.338, 0.288, 0.311]
INFO:root:FACILITATOR-R: [0.471, 0.439, 0.504, 0.514, 0.419]
INFO:root:NEGATIVE_EFFECT-F1: [0.557, 0.592, 0.559, 0.557, 0.605]
INFO:root:NEGATIVE_EFFECT-P: [0.457, 0.454, 0.448, 0.433, 0.484]
INFO:root:NEGATIVE_EFFECT-R: [0.712, 0.851, 0.742, 0.778, 0.805]
INFO:root:OBJECTIVE-F1: [0.470, 0.472, 0.462, 0.416, 0.453]
INFO:root:OBJECTIVE-P: [0.344, 0.339, 0.333, 0.288, 0.329]
INFO:root:OBJECTIVE-R: [0.739, 0.772, 0.754, 0.752, 0.731]
INFO:root:VICTIM-F1: [0.620, 0.597, 0.580, 0.568, 0.589]
INFO:root:VICTIM-P: [0.575, 0.538, 0.503, 0.493, 0.528]
INFO:root:VICTIM-R: [0.672, 0.670, 0.684, 0.670, 0.666]
INFO:root:micro-P : [0.486, 0.473, 0.462, 0.437, 0.472]
INFO:root:macro-P : [0.478, 0.462, 0.454, 0.427, 0.456]
INFO:root:micro-R : [0.474, 0.513, 0.456, 0.506, 0.487]
INFO:root:macro-R : [0.628, 0.658, 0.632, 0.667, 0.629]
INFO:root:micro-F1: [0.480, 0.492, 0.459, 0.469, 0.479]
INFO:root:macro-F1: [0.533, 0.532, 0.518, 0.512, 0.520]
INFO:root:AGENT-F1m-b: [0.816, 0.814, 0.795, 0.812, 0.805]
INFO:root:AGENT-F1-b: [0.839, 0.835, 0.812, 0.832, 0.822]
INFO:root:AGENT-P-b: [0.768, 0.794, 0.765, 0.773, 0.766]
INFO:root:AGENT-R-b: [0.924, 0.879, 0.865, 0.900, 0.886]
INFO:root:CAMPAIGNER-F1m-b: [0.743, 0.740, 0.745, 0.729, 0.754]
INFO:root:CAMPAIGNER-F1-b: [0.796, 0.797, 0.785, 0.772, 0.807]
INFO:root:CAMPAIGNER-P-b: [0.740, 0.733, 0.725, 0.706, 0.763]
INFO:root:CAMPAIGNER-R-b: [0.861, 0.874, 0.856, 0.852, 0.856]
INFO:root:FACILITATOR-F1m-b: [0.686, 0.664, 0.659, 0.649, 0.669]
INFO:root:FACILITATOR-F1-b: [0.603, 0.561, 0.558, 0.563, 0.550]
INFO:root:FACILITATOR-P-b: [0.485, 0.455, 0.450, 0.435, 0.448]
INFO:root:FACILITATOR-R-b: [0.798, 0.731, 0.734, 0.798, 0.712]
INFO:root:NEGATIVE_EFFECT-F1m-b: [0.717, 0.723, 0.741, 0.730, 0.729]
INFO:root:NEGATIVE_EFFECT-F1-b: [0.740, 0.753, 0.769, 0.761, 0.764]
INFO:root:NEGATIVE_EFFECT-P-b: [0.668, 0.654, 0.676, 0.675, 0.682]
INFO:root:NEGATIVE_EFFECT-R-b: [0.829, 0.888, 0.893, 0.874, 0.869]
INFO:root:OBJECTIVE-F1m-b: [0.717, 0.699, 0.689, 0.672, 0.664]
INFO:root:OBJECTIVE-F1-b: [0.623, 0.593, 0.569, 0.549, 0.540]
INFO:root:OBJECTIVE-P-b: [0.494, 0.454, 0.440, 0.423, 0.408]
INFO:root:OBJECTIVE-R-b: [0.843, 0.856, 0.805, 0.783, 0.801]
INFO:root:VICTIM-F1m-b: [0.790, 0.769, 0.770, 0.763, 0.761]
INFO:root:VICTIM-F1-b: [0.784, 0.772, 0.755, 0.742, 0.763]
INFO:root:VICTIM-P-b: [0.737, 0.693, 0.653, 0.647, 0.684]
INFO:root:VICTIM-R-b: [0.838, 0.872, 0.895, 0.871, 0.863]
