INFO:root:RUNNING classif. experiments: lang=ES, num_folds=5, max_seq_len=256, eval=None, rnd_seed=1943123, test=False
INFO:root:... SEED = 1943123
INFO:root:... HPARAMS = learning_rate: 2e-05; num_train_epochs: 5; warmup: 0.1; weight_decay: 0.01; batch_size: 16
INFO:root:RUNNING crossvalid. for model: PlanTL-GOB-ES/roberta-base-bne
INFO:root:Starting Fold 1
INFO:root:model built
INFO:root:Fold 1 scores:
INFO:root:F1: 0.507; P: 0.474; R: 0.555
INFO:root:AGENT-F1: 0.461; AGENT-P: 0.435; AGENT-R: 0.491
INFO:root:AGENT-F1-b: 0.657; AGENT-P-b: 0.543; AGENT-R-b: 0.832
INFO:root:CAMPAIGNER-F1: 0.563; CAMPAIGNER-P: 0.536; CAMPAIGNER-R: 0.592
INFO:root:CAMPAIGNER-F1-b: 0.741; CAMPAIGNER-P-b: 0.650; CAMPAIGNER-R-b: 0.861
INFO:root:FACILITATOR-F1: 0.428; FACILITATOR-P: 0.379; FACILITATOR-R: 0.491
INFO:root:FACILITATOR-F1-b: 0.618; FACILITATOR-P-b: 0.507; FACILITATOR-R-b: 0.789
INFO:root:NEGATIVE_EFFECT-F1: 0.619; NEGATIVE_EFFECT-P: 0.599; NEGATIVE_EFFECT-R: 0.641
INFO:root:NEGATIVE_EFFECT-F1-b: 0.808; NEGATIVE_EFFECT-P-b: 0.754; NEGATIVE_EFFECT-R-b: 0.871
INFO:root:OBJECTIVE-F1: 0.361; OBJECTIVE-P: 0.280; OBJECTIVE-R: 0.506
INFO:root:OBJECTIVE-F1-b: 0.466; OBJECTIVE-P-b: 0.376; OBJECTIVE-R-b: 0.611
INFO:root:VICTIM-F1: 0.610; VICTIM-P: 0.613; VICTIM-R: 0.607
INFO:root:VICTIM-F1-b: 0.800; VICTIM-P-b: 0.751; VICTIM-R-b: 0.855
INFO:root:Starting Fold 2
INFO:root:model built
INFO:root:Fold 2 scores:
INFO:root:F1: 0.518; P: 0.486; R: 0.566
INFO:root:AGENT-F1: 0.503; AGENT-P: 0.486; AGENT-R: 0.520
INFO:root:AGENT-F1-b: 0.701; AGENT-P-b: 0.608; AGENT-R-b: 0.828
INFO:root:CAMPAIGNER-F1: 0.538; CAMPAIGNER-P: 0.530; CAMPAIGNER-R: 0.547
INFO:root:CAMPAIGNER-F1-b: 0.732; CAMPAIGNER-P-b: 0.668; CAMPAIGNER-R-b: 0.809
INFO:root:FACILITATOR-F1: 0.390; FACILITATOR-P: 0.338; FACILITATOR-R: 0.460
INFO:root:FACILITATOR-F1-b: 0.605; FACILITATOR-P-b: 0.488; FACILITATOR-R-b: 0.797
INFO:root:NEGATIVE_EFFECT-F1: 0.650; NEGATIVE_EFFECT-P: 0.645; NEGATIVE_EFFECT-R: 0.656
INFO:root:NEGATIVE_EFFECT-F1-b: 0.810; NEGATIVE_EFFECT-P-b: 0.762; NEGATIVE_EFFECT-R-b: 0.865
INFO:root:OBJECTIVE-F1: 0.403; OBJECTIVE-P: 0.313; OBJECTIVE-R: 0.565
INFO:root:OBJECTIVE-F1-b: 0.465; OBJECTIVE-P-b: 0.371; OBJECTIVE-R-b: 0.622
INFO:root:VICTIM-F1: 0.626; VICTIM-P: 0.607; VICTIM-R: 0.647
INFO:root:VICTIM-F1-b: 0.809; VICTIM-P-b: 0.748; VICTIM-R-b: 0.881
INFO:root:Starting Fold 3
INFO:root:model built
INFO:root:Fold 3 scores:
INFO:root:F1: 0.521; P: 0.477; R: 0.590
INFO:root:AGENT-F1: 0.522; AGENT-P: 0.507; AGENT-R: 0.538
INFO:root:AGENT-F1-b: 0.665; AGENT-P-b: 0.563; AGENT-R-b: 0.812
INFO:root:CAMPAIGNER-F1: 0.562; CAMPAIGNER-P: 0.551; CAMPAIGNER-R: 0.574
INFO:root:CAMPAIGNER-F1-b: 0.733; CAMPAIGNER-P-b: 0.669; CAMPAIGNER-R-b: 0.809
INFO:root:FACILITATOR-F1: 0.385; FACILITATOR-P: 0.329; FACILITATOR-R: 0.465
INFO:root:FACILITATOR-F1-b: 0.579; FACILITATOR-P-b: 0.467; FACILITATOR-R-b: 0.762
INFO:root:NEGATIVE_EFFECT-F1: 0.657; NEGATIVE_EFFECT-P: 0.596; NEGATIVE_EFFECT-R: 0.733
INFO:root:NEGATIVE_EFFECT-F1-b: 0.800; NEGATIVE_EFFECT-P-b: 0.749; NEGATIVE_EFFECT-R-b: 0.859
INFO:root:OBJECTIVE-F1: 0.349; OBJECTIVE-P: 0.254; OBJECTIVE-R: 0.558
INFO:root:OBJECTIVE-F1-b: 0.392; OBJECTIVE-P-b: 0.303; OBJECTIVE-R-b: 0.556
INFO:root:VICTIM-F1: 0.649; VICTIM-P: 0.628; VICTIM-R: 0.672
INFO:root:VICTIM-F1-b: 0.829; VICTIM-P-b: 0.781; VICTIM-R-b: 0.882
INFO:root:Starting Fold 4
INFO:root:model built
INFO:root:Fold 4 scores:
INFO:root:F1: 0.520; P: 0.480; R: 0.570
INFO:root:AGENT-F1: 0.469; AGENT-P: 0.465; AGENT-R: 0.472
INFO:root:AGENT-F1-b: 0.647; AGENT-P-b: 0.558; AGENT-R-b: 0.770
INFO:root:CAMPAIGNER-F1: 0.554; CAMPAIGNER-P: 0.503; CAMPAIGNER-R: 0.617
INFO:root:CAMPAIGNER-F1-b: 0.698; CAMPAIGNER-P-b: 0.590; CAMPAIGNER-R-b: 0.855
INFO:root:FACILITATOR-F1: 0.395; FACILITATOR-P: 0.344; FACILITATOR-R: 0.464
INFO:root:FACILITATOR-F1-b: 0.574; FACILITATOR-P-b: 0.483; FACILITATOR-R-b: 0.705
INFO:root:NEGATIVE_EFFECT-F1: 0.699; NEGATIVE_EFFECT-P: 0.644; NEGATIVE_EFFECT-R: 0.764
INFO:root:NEGATIVE_EFFECT-F1-b: 0.828; NEGATIVE_EFFECT-P-b: 0.779; NEGATIVE_EFFECT-R-b: 0.883
INFO:root:OBJECTIVE-F1: 0.375; OBJECTIVE-P: 0.322; OBJECTIVE-R: 0.447
INFO:root:OBJECTIVE-F1-b: 0.447; OBJECTIVE-P-b: 0.400; OBJECTIVE-R-b: 0.506
INFO:root:VICTIM-F1: 0.626; VICTIM-P: 0.602; VICTIM-R: 0.653
INFO:root:VICTIM-F1-b: 0.802; VICTIM-P-b: 0.735; VICTIM-R-b: 0.882
INFO:root:Starting Fold 5
INFO:root:model built
INFO:root:Fold 5 scores:
INFO:root:F1: 0.528; P: 0.488; R: 0.581
INFO:root:AGENT-F1: 0.545; AGENT-P: 0.515; AGENT-R: 0.578
INFO:root:AGENT-F1-b: 0.688; AGENT-P-b: 0.599; AGENT-R-b: 0.810
INFO:root:CAMPAIGNER-F1: 0.546; CAMPAIGNER-P: 0.512; CAMPAIGNER-R: 0.584
INFO:root:CAMPAIGNER-F1-b: 0.724; CAMPAIGNER-P-b: 0.627; CAMPAIGNER-R-b: 0.856
INFO:root:FACILITATOR-F1: 0.430; FACILITATOR-P: 0.358; FACILITATOR-R: 0.538
INFO:root:FACILITATOR-F1-b: 0.576; FACILITATOR-P-b: 0.473; FACILITATOR-R-b: 0.734
INFO:root:NEGATIVE_EFFECT-F1: 0.647; NEGATIVE_EFFECT-P: 0.639; NEGATIVE_EFFECT-R: 0.656
INFO:root:NEGATIVE_EFFECT-F1-b: 0.828; NEGATIVE_EFFECT-P-b: 0.783; NEGATIVE_EFFECT-R-b: 0.877
INFO:root:OBJECTIVE-F1: 0.344; OBJECTIVE-P: 0.286; OBJECTIVE-R: 0.432
INFO:root:OBJECTIVE-F1-b: 0.395; OBJECTIVE-P-b: 0.311; OBJECTIVE-R-b: 0.542
INFO:root:VICTIM-F1: 0.655; VICTIM-P: 0.617; VICTIM-R: 0.698
INFO:root:VICTIM-F1-b: 0.823; VICTIM-P-b: 0.773; VICTIM-R-b: 0.879
INFO:root:CROSSVALIDATION results:
INFO:root:P       : count: 5.000; mean: 0.481; std: 0.006; min: 0.474; 25%: 0.477; 50%: 0.480; 75%: 0.486; max: 0.488
INFO:root:R       : count: 5.000; mean: 0.572; std: 0.014; min: 0.555; 25%: 0.566; 50%: 0.570; 75%: 0.581; max: 0.590
INFO:root:F1      : count: 5.000; mean: 0.519; std: 0.008; min: 0.507; 25%: 0.518; 50%: 0.520; 75%: 0.521; max: 0.528
INFO:root:AGENT-F1: count: 5.000; mean: 0.500; std: 0.035; min: 0.461; 25%: 0.469; 50%: 0.503; 75%: 0.522; max: 0.545
INFO:root:AGENT-P : count: 5.000; mean: 0.482; std: 0.032; min: 0.435; 25%: 0.465; 50%: 0.486; 75%: 0.507; max: 0.515
INFO:root:AGENT-R : count: 5.000; mean: 0.520; std: 0.041; min: 0.472; 25%: 0.491; 50%: 0.520; 75%: 0.538; max: 0.578
INFO:root:CAMPAIGNER-F1: count: 5.000; mean: 0.553; std: 0.011; min: 0.538; 25%: 0.546; 50%: 0.554; 75%: 0.562; max: 0.563
INFO:root:CAMPAIGNER-P: count: 5.000; mean: 0.526; std: 0.019; min: 0.503; 25%: 0.512; 50%: 0.530; 75%: 0.536; max: 0.551
INFO:root:CAMPAIGNER-R: count: 5.000; mean: 0.583; std: 0.025; min: 0.547; 25%: 0.574; 50%: 0.584; 75%: 0.592; max: 0.617
INFO:root:FACILITATOR-F1: count: 5.000; mean: 0.406; std: 0.022; min: 0.385; 25%: 0.390; 50%: 0.395; 75%: 0.428; max: 0.430
INFO:root:FACILITATOR-P: count: 5.000; mean: 0.350; std: 0.020; min: 0.329; 25%: 0.338; 50%: 0.344; 75%: 0.358; max: 0.379
INFO:root:FACILITATOR-R: count: 5.000; mean: 0.484; std: 0.033; min: 0.460; 25%: 0.464; 50%: 0.465; 75%: 0.491; max: 0.538
INFO:root:NEGATIVE_EFFECT-F1: count: 5.000; mean: 0.655; std: 0.029; min: 0.619; 25%: 0.647; 50%: 0.650; 75%: 0.657; max: 0.699
INFO:root:NEGATIVE_EFFECT-P: count: 5.000; mean: 0.624; std: 0.025; min: 0.596; 25%: 0.599; 50%: 0.639; 75%: 0.644; max: 0.645
INFO:root:NEGATIVE_EFFECT-R: count: 5.000; mean: 0.690; std: 0.055; min: 0.641; 25%: 0.656; 50%: 0.656; 75%: 0.733; max: 0.764
INFO:root:OBJECTIVE-F1: count: 5.000; mean: 0.366; std: 0.024; min: 0.344; 25%: 0.349; 50%: 0.361; 75%: 0.375; max: 0.403
INFO:root:OBJECTIVE-P: count: 5.000; mean: 0.291; std: 0.027; min: 0.254; 25%: 0.280; 50%: 0.286; 75%: 0.313; max: 0.322
INFO:root:OBJECTIVE-R: count: 5.000; mean: 0.502; std: 0.061; min: 0.432; 25%: 0.447; 50%: 0.506; 75%: 0.558; max: 0.565
INFO:root:VICTIM-F1: count: 5.000; mean: 0.633; std: 0.019; min: 0.610; 25%: 0.626; 50%: 0.626; 75%: 0.649; max: 0.655
INFO:root:VICTIM-P: count: 5.000; mean: 0.613; std: 0.010; min: 0.602; 25%: 0.607; 50%: 0.613; 75%: 0.617; max: 0.628
INFO:root:VICTIM-R: count: 5.000; mean: 0.655; std: 0.034; min: 0.607; 25%: 0.647; 50%: 0.653; 75%: 0.672; max: 0.698
INFO:root:micro-P : count: 5.000; mean: 0.533; std: 0.008; min: 0.520; 25%: 0.533; 50%: 0.534; 75%: 0.539; max: 0.541
INFO:root:macro-P : count: 5.000; mean: 0.481; std: 0.006; min: 0.474; 25%: 0.477; 50%: 0.480; 75%: 0.486; max: 0.488
INFO:root:micro-R : count: 5.000; mean: 0.508; std: 0.011; min: 0.495; 25%: 0.498; 50%: 0.511; 75%: 0.514; max: 0.521
INFO:root:macro-R : count: 5.000; mean: 0.572; std: 0.014; min: 0.555; 25%: 0.566; 50%: 0.570; 75%: 0.581; max: 0.590
INFO:root:micro-F1: count: 5.000; mean: 0.520; std: 0.008; min: 0.509; 25%: 0.516; 50%: 0.521; 75%: 0.524; max: 0.531
INFO:root:macro-F1: count: 5.000; mean: 0.519; std: 0.008; min: 0.507; 25%: 0.518; 50%: 0.520; 75%: 0.521; max: 0.528
INFO:root:AGENT-F1m-b: count: 5.000; mean: 0.763; std: 0.016; min: 0.742; 25%: 0.754; 50%: 0.763; 75%: 0.775; max: 0.781
INFO:root:AGENT-F1-b: count: 5.000; mean: 0.672; std: 0.022; min: 0.647; 25%: 0.657; 50%: 0.665; 75%: 0.688; max: 0.701
INFO:root:AGENT-P-b: count: 5.000; mean: 0.574; std: 0.028; min: 0.543; 25%: 0.558; 50%: 0.563; 75%: 0.599; max: 0.608
INFO:root:AGENT-R-b: count: 5.000; mean: 0.810; std: 0.025; min: 0.770; 25%: 0.810; 50%: 0.812; 75%: 0.828; max: 0.832
INFO:root:CAMPAIGNER-F1m-b: count: 5.000; mean: 0.765; std: 0.018; min: 0.743; 25%: 0.753; 50%: 0.769; 75%: 0.773; max: 0.788
INFO:root:CAMPAIGNER-F1-b: count: 5.000; mean: 0.726; std: 0.016; min: 0.698; 25%: 0.724; 50%: 0.732; 75%: 0.733; max: 0.741
INFO:root:CAMPAIGNER-P-b: count: 5.000; mean: 0.641; std: 0.033; min: 0.590; 25%: 0.627; 50%: 0.650; 75%: 0.668; max: 0.669
INFO:root:CAMPAIGNER-R-b: count: 5.000; mean: 0.838; std: 0.027; min: 0.809; 25%: 0.809; 50%: 0.855; 75%: 0.856; max: 0.861
INFO:root:FACILITATOR-F1m-b: count: 5.000; mean: 0.690; std: 0.016; min: 0.675; 25%: 0.675; 50%: 0.685; 75%: 0.707; max: 0.708
INFO:root:FACILITATOR-F1-b: count: 5.000; mean: 0.590; std: 0.020; min: 0.574; 25%: 0.576; 50%: 0.579; 75%: 0.605; max: 0.618
INFO:root:FACILITATOR-P-b: count: 5.000; mean: 0.484; std: 0.016; min: 0.467; 25%: 0.473; 50%: 0.483; 75%: 0.488; max: 0.507
INFO:root:FACILITATOR-R-b: count: 5.000; mean: 0.758; std: 0.038; min: 0.705; 25%: 0.734; 50%: 0.762; 75%: 0.789; max: 0.797
INFO:root:NEGATIVE_EFFECT-F1m-b: count: 5.000; mean: 0.808; std: 0.011; min: 0.797; 25%: 0.799; 50%: 0.804; 75%: 0.817; max: 0.822
INFO:root:NEGATIVE_EFFECT-F1-b: count: 5.000; mean: 0.815; std: 0.012; min: 0.800; 25%: 0.808; 50%: 0.810; 75%: 0.828; max: 0.828
INFO:root:NEGATIVE_EFFECT-P-b: count: 5.000; mean: 0.765; std: 0.015; min: 0.749; 25%: 0.754; 50%: 0.762; 75%: 0.779; max: 0.783
INFO:root:NEGATIVE_EFFECT-R-b: count: 5.000; mean: 0.871; std: 0.010; min: 0.859; 25%: 0.865; 50%: 0.871; 75%: 0.877; max: 0.883
INFO:root:OBJECTIVE-F1m-b: count: 5.000; mean: 0.682; std: 0.017; min: 0.663; 25%: 0.664; 50%: 0.689; 75%: 0.695; max: 0.697
INFO:root:OBJECTIVE-F1-b: count: 5.000; mean: 0.433; std: 0.037; min: 0.392; 25%: 0.395; 50%: 0.447; 75%: 0.465; max: 0.466
INFO:root:OBJECTIVE-P-b: count: 5.000; mean: 0.352; std: 0.043; min: 0.303; 25%: 0.311; 50%: 0.371; 75%: 0.376; max: 0.400
INFO:root:OBJECTIVE-R-b: count: 5.000; mean: 0.567; std: 0.048; min: 0.506; 25%: 0.542; 50%: 0.556; 75%: 0.611; max: 0.622
INFO:root:VICTIM-F1m-b: count: 5.000; mean: 0.796; std: 0.011; min: 0.782; 25%: 0.790; 50%: 0.794; 75%: 0.808; max: 0.808
INFO:root:VICTIM-F1-b: count: 5.000; mean: 0.812; std: 0.013; min: 0.800; 25%: 0.802; 50%: 0.809; 75%: 0.823; max: 0.829
INFO:root:VICTIM-P-b: count: 5.000; mean: 0.758; std: 0.019; min: 0.735; 25%: 0.748; 50%: 0.751; 75%: 0.773; max: 0.781
INFO:root:VICTIM-R-b: count: 5.000; mean: 0.876; std: 0.012; min: 0.855; 25%: 0.879; 50%: 0.881; 75%: 0.882; max: 0.882
INFO:root:Per-fold scores:
INFO:root:P       : [0.474, 0.486, 0.477, 0.480, 0.488]
INFO:root:R       : [0.555, 0.566, 0.590, 0.570, 0.581]
INFO:root:F1      : [0.507, 0.518, 0.521, 0.520, 0.528]
INFO:root:AGENT-F1: [0.461, 0.503, 0.522, 0.469, 0.545]
INFO:root:AGENT-P : [0.435, 0.486, 0.507, 0.465, 0.515]
INFO:root:AGENT-R : [0.491, 0.520, 0.538, 0.472, 0.578]
INFO:root:CAMPAIGNER-F1: [0.563, 0.538, 0.562, 0.554, 0.546]
INFO:root:CAMPAIGNER-P: [0.536, 0.530, 0.551, 0.503, 0.512]
INFO:root:CAMPAIGNER-R: [0.592, 0.547, 0.574, 0.617, 0.584]
INFO:root:FACILITATOR-F1: [0.428, 0.390, 0.385, 0.395, 0.430]
INFO:root:FACILITATOR-P: [0.379, 0.338, 0.329, 0.344, 0.358]
INFO:root:FACILITATOR-R: [0.491, 0.460, 0.465, 0.464, 0.538]
INFO:root:NEGATIVE_EFFECT-F1: [0.619, 0.650, 0.657, 0.699, 0.647]
INFO:root:NEGATIVE_EFFECT-P: [0.599, 0.645, 0.596, 0.644, 0.639]
INFO:root:NEGATIVE_EFFECT-R: [0.641, 0.656, 0.733, 0.764, 0.656]
INFO:root:OBJECTIVE-F1: [0.361, 0.403, 0.349, 0.375, 0.344]
INFO:root:OBJECTIVE-P: [0.280, 0.313, 0.254, 0.322, 0.286]
INFO:root:OBJECTIVE-R: [0.506, 0.565, 0.558, 0.447, 0.432]
INFO:root:VICTIM-F1: [0.610, 0.626, 0.649, 0.626, 0.655]
INFO:root:VICTIM-P: [0.613, 0.607, 0.628, 0.602, 0.617]
INFO:root:VICTIM-R: [0.607, 0.647, 0.672, 0.653, 0.698]
INFO:root:micro-P : [0.520, 0.539, 0.534, 0.533, 0.541]
INFO:root:macro-P : [0.474, 0.486, 0.477, 0.480, 0.488]
INFO:root:micro-R : [0.498, 0.495, 0.514, 0.511, 0.521]
INFO:root:macro-R : [0.555, 0.566, 0.590, 0.570, 0.581]
INFO:root:micro-F1: [0.509, 0.516, 0.524, 0.521, 0.531]
INFO:root:macro-F1: [0.507, 0.518, 0.521, 0.520, 0.528]
INFO:root:AGENT-F1m-b: [0.754, 0.781, 0.763, 0.742, 0.775]
INFO:root:AGENT-F1-b: [0.657, 0.701, 0.665, 0.647, 0.688]
INFO:root:AGENT-P-b: [0.543, 0.608, 0.563, 0.558, 0.599]
INFO:root:AGENT-R-b: [0.832, 0.828, 0.812, 0.770, 0.810]
INFO:root:CAMPAIGNER-F1m-b: [0.788, 0.769, 0.773, 0.743, 0.753]
INFO:root:CAMPAIGNER-F1-b: [0.741, 0.732, 0.733, 0.698, 0.724]
INFO:root:CAMPAIGNER-P-b: [0.650, 0.668, 0.669, 0.590, 0.627]
INFO:root:CAMPAIGNER-R-b: [0.861, 0.809, 0.809, 0.855, 0.856]
INFO:root:FACILITATOR-F1m-b: [0.707, 0.708, 0.685, 0.675, 0.675]
INFO:root:FACILITATOR-F1-b: [0.618, 0.605, 0.579, 0.574, 0.576]
INFO:root:FACILITATOR-P-b: [0.507, 0.488, 0.467, 0.483, 0.473]
INFO:root:FACILITATOR-R-b: [0.789, 0.797, 0.762, 0.705, 0.734]
INFO:root:NEGATIVE_EFFECT-F1m-b: [0.804, 0.797, 0.799, 0.822, 0.817]
INFO:root:NEGATIVE_EFFECT-F1-b: [0.808, 0.810, 0.800, 0.828, 0.828]
INFO:root:NEGATIVE_EFFECT-P-b: [0.754, 0.762, 0.749, 0.779, 0.783]
INFO:root:NEGATIVE_EFFECT-R-b: [0.871, 0.865, 0.859, 0.883, 0.877]
INFO:root:OBJECTIVE-F1m-b: [0.697, 0.695, 0.664, 0.689, 0.663]
INFO:root:OBJECTIVE-F1-b: [0.466, 0.465, 0.392, 0.447, 0.395]
INFO:root:OBJECTIVE-P-b: [0.376, 0.371, 0.303, 0.400, 0.311]
INFO:root:OBJECTIVE-R-b: [0.611, 0.622, 0.556, 0.506, 0.542]
INFO:root:VICTIM-F1m-b: [0.790, 0.794, 0.808, 0.782, 0.808]
INFO:root:VICTIM-F1-b: [0.800, 0.809, 0.829, 0.802, 0.823]
INFO:root:VICTIM-P-b: [0.751, 0.748, 0.781, 0.735, 0.773]
INFO:root:VICTIM-R-b: [0.855, 0.881, 0.882, 0.882, 0.879]
