INFO:root:RUNNING classif. experiments: lang=EN, num_folds=5, max_seq_len=256, eval=None, rnd_seed=564671, test=None
INFO:root:... HPARAMS = learning_rate: 2e-05; num_train_epochs: 3; warmup: 0.1; weight_decay: 0.01; batch_size: 16
INFO:root:RUNNING crossvalid. for model: bert-base-cased
INFO:root:Starting Fold 1
INFO:root:model built
INFO:root:Fold 1 scores:
INFO:root:F1_macro  : 0.869; F1        : 0.909; F1-neg    : 0.830; ACC       : 0.881; prec      : 0.915; recall    : 0.903; MCC       : 0.739
INFO:root:Pausing for 1 minutes...
INFO:root:Starting Fold 2
INFO:root:model built
INFO:root:Fold 2 scores:
INFO:root:F1_macro  : 0.874; F1        : 0.911; F1-neg    : 0.836; ACC       : 0.885; prec      : 0.920; recall    : 0.903; MCC       : 0.748
INFO:root:Pausing for 1 minutes...
INFO:root:Starting Fold 3
INFO:root:model built
INFO:root:Fold 3 scores:
INFO:root:F1_macro  : 0.870; F1        : 0.910; F1-neg    : 0.830; ACC       : 0.882; prec      : 0.910; recall    : 0.910; MCC       : 0.740
INFO:root:Pausing for 1 minutes...
INFO:root:Starting Fold 4
INFO:root:model built
INFO:root:Fold 4 scores:
INFO:root:F1_macro  : 0.874; F1        : 0.913; F1-neg    : 0.835; ACC       : 0.886; prec      : 0.912; recall    : 0.914; MCC       : 0.748
INFO:root:Pausing for 1 minutes...
INFO:root:Starting Fold 5
INFO:root:model built
INFO:root:Fold 5 scores:
INFO:root:F1_macro  : 0.864; F1        : 0.907; F1-neg    : 0.821; ACC       : 0.877; prec      : 0.904; recall    : 0.910; MCC       : 0.728
INFO:root:CROSSVALIDATION results:
INFO:root:F1_macro  : count: 5.000; mean: 0.870; std: 0.004; min: 0.864; 25%: 0.869; 50%: 0.870; 75%: 0.874; max: 0.874
INFO:root:F1        : count: 5.000; mean: 0.910; std: 0.002; min: 0.907; 25%: 0.909; 50%: 0.910; 75%: 0.911; max: 0.913
INFO:root:F1-neg    : count: 5.000; mean: 0.830; std: 0.006; min: 0.821; 25%: 0.830; 50%: 0.830; 75%: 0.835; max: 0.836
INFO:root:ACC       : count: 5.000; mean: 0.882; std: 0.003; min: 0.877; 25%: 0.881; 50%: 0.882; 75%: 0.885; max: 0.886
INFO:root:prec      : count: 5.000; mean: 0.912; std: 0.006; min: 0.904; 25%: 0.910; 50%: 0.912; 75%: 0.915; max: 0.920
INFO:root:recall    : count: 5.000; mean: 0.908; std: 0.005; min: 0.903; 25%: 0.903; 50%: 0.910; 75%: 0.910; max: 0.914
INFO:root:MCC       : count: 5.000; mean: 0.741; std: 0.008; min: 0.728; 25%: 0.739; 50%: 0.740; 75%: 0.748; max: 0.748
INFO:root:Per-fold scores:
INFO:root:F1_macro  : [0.869, 0.874, 0.870, 0.874, 0.864]
INFO:root:F1        : [0.909, 0.911, 0.910, 0.913, 0.907]
INFO:root:F1-neg    : [0.830, 0.836, 0.830, 0.835, 0.821]
INFO:root:ACC       : [0.881, 0.885, 0.882, 0.886, 0.877]
INFO:root:prec      : [0.915, 0.920, 0.910, 0.912, 0.904]
INFO:root:recall    : [0.903, 0.903, 0.910, 0.914, 0.910]
INFO:root:MCC       : [0.739, 0.748, 0.740, 0.748, 0.728]
INFO:root:Confusion matrix:
INFO:root: 230.00,   45.80
INFO:root:  48.20,  476.00
INFO:root:Pausing for 2 minutes...
INFO:root:RUNNING classif. experiments: lang=ES, num_folds=5, max_seq_len=256, eval=None, rnd_seed=564671, test=None
INFO:root:... HPARAMS = learning_rate: 2e-05; num_train_epochs: 3; warmup: 0.1; weight_decay: 0.01; batch_size: 16
INFO:root:RUNNING crossvalid. for model: dccuchile/bert-base-spanish-wwm-cased
INFO:root:Starting Fold 1
INFO:root:model built
INFO:root:Fold 1 scores:
INFO:root:F1_macro  : 0.833; F1        : 0.882; F1-neg    : 0.783; ACC       : 0.848; prec      : 0.864; recall    : 0.902; MCC       : 0.667
INFO:root:Pausing for 1 minutes...
INFO:root:Starting Fold 2
INFO:root:model built
INFO:root:Fold 2 scores:
INFO:root:F1_macro  : 0.840; F1        : 0.889; F1-neg    : 0.792; ACC       : 0.855; prec      : 0.867; recall    : 0.911; MCC       : 0.683
INFO:root:Pausing for 1 minutes...
INFO:root:Starting Fold 3
INFO:root:model built
INFO:root:Fold 3 scores:
INFO:root:F1_macro  : 0.851; F1        : 0.895; F1-neg    : 0.807; ACC       : 0.864; prec      : 0.879; recall    : 0.911; MCC       : 0.703
INFO:root:Pausing for 1 minutes...
INFO:root:Starting Fold 4
INFO:root:model built
INFO:root:Fold 4 scores:
INFO:root:F1_macro  : 0.841; F1        : 0.884; F1-neg    : 0.799; ACC       : 0.853; prec      : 0.884; recall    : 0.884; MCC       : 0.682
INFO:root:Pausing for 1 minutes...
INFO:root:Starting Fold 5
INFO:root:model built
INFO:root:Fold 5 scores:
INFO:root:F1_macro  : 0.825; F1        : 0.872; F1-neg    : 0.777; ACC       : 0.838; prec      : 0.870; recall    : 0.874; MCC       : 0.649
INFO:root:CROSSVALIDATION results:
INFO:root:F1_macro  : count: 5.000; mean: 0.838; std: 0.010; min: 0.825; 25%: 0.833; 50%: 0.840; 75%: 0.841; max: 0.851
INFO:root:F1        : count: 5.000; mean: 0.884; std: 0.008; min: 0.872; 25%: 0.882; 50%: 0.884; 75%: 0.889; max: 0.895
INFO:root:F1-neg    : count: 5.000; mean: 0.792; std: 0.012; min: 0.777; 25%: 0.783; 50%: 0.792; 75%: 0.799; max: 0.807
INFO:root:ACC       : count: 5.000; mean: 0.851; std: 0.010; min: 0.838; 25%: 0.848; 50%: 0.853; 75%: 0.855; max: 0.864
INFO:root:prec      : count: 5.000; mean: 0.873; std: 0.008; min: 0.864; 25%: 0.867; 50%: 0.870; 75%: 0.879; max: 0.884
INFO:root:recall    : count: 5.000; mean: 0.896; std: 0.017; min: 0.874; 25%: 0.884; 50%: 0.902; 75%: 0.911; max: 0.911
INFO:root:MCC       : count: 5.000; mean: 0.677; std: 0.020; min: 0.649; 25%: 0.667; 50%: 0.682; 75%: 0.683; max: 0.703
INFO:root:Per-fold scores:
INFO:root:F1_macro  : [0.833, 0.840, 0.851, 0.841, 0.825]
INFO:root:F1        : [0.882, 0.889, 0.895, 0.884, 0.872]
INFO:root:F1-neg    : [0.783, 0.792, 0.807, 0.799, 0.777]
INFO:root:ACC       : [0.848, 0.855, 0.864, 0.853, 0.838]
INFO:root:prec      : [0.864, 0.867, 0.879, 0.884, 0.870]
INFO:root:recall    : [0.902, 0.911, 0.911, 0.884, 0.874]
INFO:root:MCC       : [0.667, 0.683, 0.703, 0.682, 0.649]
INFO:root:Confusion matrix:
INFO:root: 226.00,   66.40
INFO:root:  52.60,  455.00
INFO:root:Pausing for 2 minutes...
