INFO:root:RUNNING classif. experiments: lang=ES, num_folds=5, max_seq_len=256, eval=None, rnd_seed=1943123, test=False
INFO:root:... SEED = 1943123
INFO:root:... HPARAMS = learning_rate: 2e-05; num_train_epochs: 5; warmup: 0.1; weight_decay: 0.01; batch_size: 16
INFO:root:RUNNING crossvalid. for model: dccuchile/bert-base-spanish-wwm-cased
INFO:root:Starting Fold 1
INFO:root:model built
INFO:root:Fold 1 scores:
INFO:root:F1: 0.468; P: 0.413; R: 0.563
INFO:root:AGENT-F1: 0.420; AGENT-P: 0.375; AGENT-R: 0.476
INFO:root:AGENT-F1-b: 0.659; AGENT-P-b: 0.538; AGENT-R-b: 0.848
INFO:root:CAMPAIGNER-F1: 0.460; CAMPAIGNER-P: 0.437; CAMPAIGNER-R: 0.486
INFO:root:CAMPAIGNER-F1-b: 0.755; CAMPAIGNER-P-b: 0.684; CAMPAIGNER-R-b: 0.843
INFO:root:FACILITATOR-F1: 0.427; FACILITATOR-P: 0.350; FACILITATOR-R: 0.546
INFO:root:FACILITATOR-F1-b: 0.622; FACILITATOR-P-b: 0.503; FACILITATOR-R-b: 0.817
INFO:root:NEGATIVE_EFFECT-F1: 0.604; NEGATIVE_EFFECT-P: 0.556; NEGATIVE_EFFECT-R: 0.660
INFO:root:NEGATIVE_EFFECT-F1-b: 0.820; NEGATIVE_EFFECT-P-b: 0.758; NEGATIVE_EFFECT-R-b: 0.892
INFO:root:OBJECTIVE-F1: 0.373; OBJECTIVE-P: 0.261; OBJECTIVE-R: 0.655
INFO:root:OBJECTIVE-F1-b: 0.510; OBJECTIVE-P-b: 0.394; OBJECTIVE-R-b: 0.722
INFO:root:VICTIM-F1: 0.525; VICTIM-P: 0.497; VICTIM-R: 0.556
INFO:root:VICTIM-F1-b: 0.806; VICTIM-P-b: 0.739; VICTIM-R-b: 0.888
INFO:root:Starting Fold 2
INFO:root:model built
INFO:root:Fold 2 scores:
INFO:root:F1: 0.453; P: 0.413; R: 0.509
INFO:root:AGENT-F1: 0.457; AGENT-P: 0.424; AGENT-R: 0.495
INFO:root:AGENT-F1-b: 0.729; AGENT-P-b: 0.641; AGENT-R-b: 0.847
INFO:root:CAMPAIGNER-F1: 0.470; CAMPAIGNER-P: 0.452; CAMPAIGNER-R: 0.490
INFO:root:CAMPAIGNER-F1-b: 0.761; CAMPAIGNER-P-b: 0.701; CAMPAIGNER-R-b: 0.832
INFO:root:FACILITATOR-F1: 0.323; FACILITATOR-P: 0.280; FACILITATOR-R: 0.381
INFO:root:FACILITATOR-F1-b: 0.567; FACILITATOR-P-b: 0.471; FACILITATOR-R-b: 0.711
INFO:root:NEGATIVE_EFFECT-F1: 0.632; NEGATIVE_EFFECT-P: 0.604; NEGATIVE_EFFECT-R: 0.664
INFO:root:NEGATIVE_EFFECT-F1-b: 0.829; NEGATIVE_EFFECT-P-b: 0.799; NEGATIVE_EFFECT-R-b: 0.863
INFO:root:OBJECTIVE-F1: 0.261; OBJECTIVE-P: 0.196; OBJECTIVE-R: 0.389
INFO:root:OBJECTIVE-F1-b: 0.449; OBJECTIVE-P-b: 0.351; OBJECTIVE-R-b: 0.622
INFO:root:VICTIM-F1: 0.573; VICTIM-P: 0.524; VICTIM-R: 0.633
INFO:root:VICTIM-F1-b: 0.834; VICTIM-P-b: 0.770; VICTIM-R-b: 0.909
INFO:root:Starting Fold 3
INFO:root:model built
INFO:root:Fold 3 scores:
INFO:root:F1: 0.468; P: 0.415; R: 0.564
INFO:root:AGENT-F1: 0.455; AGENT-P: 0.439; AGENT-R: 0.471
INFO:root:AGENT-F1-b: 0.696; AGENT-P-b: 0.597; AGENT-R-b: 0.833
INFO:root:CAMPAIGNER-F1: 0.512; CAMPAIGNER-P: 0.488; CAMPAIGNER-R: 0.539
INFO:root:CAMPAIGNER-F1-b: 0.741; CAMPAIGNER-P-b: 0.679; CAMPAIGNER-R-b: 0.815
INFO:root:FACILITATOR-F1: 0.365; FACILITATOR-P: 0.294; FACILITATOR-R: 0.479
INFO:root:FACILITATOR-F1-b: 0.601; FACILITATOR-P-b: 0.479; FACILITATOR-R-b: 0.807
INFO:root:NEGATIVE_EFFECT-F1: 0.638; NEGATIVE_EFFECT-P: 0.544; NEGATIVE_EFFECT-R: 0.771
INFO:root:NEGATIVE_EFFECT-F1-b: 0.810; NEGATIVE_EFFECT-P-b: 0.742; NEGATIVE_EFFECT-R-b: 0.891
INFO:root:OBJECTIVE-F1: 0.271; OBJECTIVE-P: 0.183; OBJECTIVE-R: 0.519
INFO:root:OBJECTIVE-F1-b: 0.434; OBJECTIVE-P-b: 0.314; OBJECTIVE-R-b: 0.704
INFO:root:VICTIM-F1: 0.570; VICTIM-P: 0.539; VICTIM-R: 0.605
INFO:root:VICTIM-F1-b: 0.836; VICTIM-P-b: 0.785; VICTIM-R-b: 0.894
INFO:root:Starting Fold 4
INFO:root:model built
INFO:root:Fold 4 scores:
INFO:root:F1: 0.492; P: 0.433; R: 0.580
INFO:root:AGENT-F1: 0.460; AGENT-P: 0.431; AGENT-R: 0.492
INFO:root:AGENT-F1-b: 0.671; AGENT-P-b: 0.569; AGENT-R-b: 0.817
INFO:root:CAMPAIGNER-F1: 0.504; CAMPAIGNER-P: 0.446; CAMPAIGNER-R: 0.579
INFO:root:CAMPAIGNER-F1-b: 0.720; CAMPAIGNER-P-b: 0.610; CAMPAIGNER-R-b: 0.877
INFO:root:FACILITATOR-F1: 0.383; FACILITATOR-P: 0.326; FACILITATOR-R: 0.465
INFO:root:FACILITATOR-F1-b: 0.596; FACILITATOR-P-b: 0.506; FACILITATOR-R-b: 0.723
INFO:root:NEGATIVE_EFFECT-F1: 0.673; NEGATIVE_EFFECT-P: 0.591; NEGATIVE_EFFECT-R: 0.781
INFO:root:NEGATIVE_EFFECT-F1-b: 0.839; NEGATIVE_EFFECT-P-b: 0.787; NEGATIVE_EFFECT-R-b: 0.899
INFO:root:OBJECTIVE-F1: 0.357; OBJECTIVE-P: 0.267; OBJECTIVE-R: 0.541
INFO:root:OBJECTIVE-F1-b: 0.483; OBJECTIVE-P-b: 0.391; OBJECTIVE-R-b: 0.633
INFO:root:VICTIM-F1: 0.576; VICTIM-P: 0.537; VICTIM-R: 0.622
INFO:root:VICTIM-F1-b: 0.827; VICTIM-P-b: 0.751; VICTIM-R-b: 0.919
INFO:root:Starting Fold 5
INFO:root:model built
INFO:root:Fold 5 scores:
INFO:root:F1: 0.518; P: 0.461; R: 0.601
INFO:root:AGENT-F1: 0.482; AGENT-P: 0.434; AGENT-R: 0.541
INFO:root:AGENT-F1-b: 0.707; AGENT-P-b: 0.611; AGENT-R-b: 0.838
INFO:root:CAMPAIGNER-F1: 0.532; CAMPAIGNER-P: 0.505; CAMPAIGNER-R: 0.562
INFO:root:CAMPAIGNER-F1-b: 0.735; CAMPAIGNER-P-b: 0.666; CAMPAIGNER-R-b: 0.819
INFO:root:FACILITATOR-F1: 0.415; FACILITATOR-P: 0.352; FACILITATOR-R: 0.505
INFO:root:FACILITATOR-F1-b: 0.603; FACILITATOR-P-b: 0.518; FACILITATOR-R-b: 0.720
INFO:root:NEGATIVE_EFFECT-F1: 0.654; NEGATIVE_EFFECT-P: 0.601; NEGATIVE_EFFECT-R: 0.719
INFO:root:NEGATIVE_EFFECT-F1-b: 0.820; NEGATIVE_EFFECT-P-b: 0.775; NEGATIVE_EFFECT-R-b: 0.870
INFO:root:OBJECTIVE-F1: 0.428; OBJECTIVE-P: 0.328; OBJECTIVE-R: 0.615
INFO:root:OBJECTIVE-F1-b: 0.471; OBJECTIVE-P-b: 0.378; OBJECTIVE-R-b: 0.627
INFO:root:VICTIM-F1: 0.598; VICTIM-P: 0.543; VICTIM-R: 0.664
INFO:root:VICTIM-F1-b: 0.832; VICTIM-P-b: 0.783; VICTIM-R-b: 0.886
INFO:root:CROSSVALIDATION results:
INFO:root:P       : count: 5.000; mean: 0.427; std: 0.021; min: 0.413; 25%: 0.413; 50%: 0.415; 75%: 0.433; max: 0.461
INFO:root:R       : count: 5.000; mean: 0.563; std: 0.034; min: 0.509; 25%: 0.563; 50%: 0.564; 75%: 0.580; max: 0.601
INFO:root:F1      : count: 5.000; mean: 0.480; std: 0.026; min: 0.453; 25%: 0.468; 50%: 0.468; 75%: 0.492; max: 0.518
INFO:root:AGENT-F1: count: 5.000; mean: 0.454; std: 0.022; min: 0.420; 25%: 0.455; 50%: 0.457; 75%: 0.460; max: 0.482
INFO:root:AGENT-P : count: 5.000; mean: 0.421; std: 0.026; min: 0.375; 25%: 0.424; 50%: 0.431; 75%: 0.434; max: 0.439
INFO:root:AGENT-R : count: 5.000; mean: 0.495; std: 0.028; min: 0.471; 25%: 0.476; 50%: 0.492; 75%: 0.495; max: 0.541
INFO:root:CAMPAIGNER-F1: count: 5.000; mean: 0.496; std: 0.030; min: 0.460; 25%: 0.470; 50%: 0.504; 75%: 0.512; max: 0.532
INFO:root:CAMPAIGNER-P: count: 5.000; mean: 0.466; std: 0.029; min: 0.437; 25%: 0.446; 50%: 0.452; 75%: 0.488; max: 0.505
INFO:root:CAMPAIGNER-R: count: 5.000; mean: 0.531; std: 0.042; min: 0.486; 25%: 0.490; 50%: 0.539; 75%: 0.562; max: 0.579
INFO:root:FACILITATOR-F1: count: 5.000; mean: 0.383; std: 0.041; min: 0.323; 25%: 0.365; 50%: 0.383; 75%: 0.415; max: 0.427
INFO:root:FACILITATOR-P: count: 5.000; mean: 0.321; std: 0.032; min: 0.280; 25%: 0.294; 50%: 0.326; 75%: 0.350; max: 0.352
INFO:root:FACILITATOR-R: count: 5.000; mean: 0.476; std: 0.061; min: 0.381; 25%: 0.465; 50%: 0.479; 75%: 0.505; max: 0.546
INFO:root:NEGATIVE_EFFECT-F1: count: 5.000; mean: 0.640; std: 0.026; min: 0.604; 25%: 0.632; 50%: 0.638; 75%: 0.654; max: 0.673
INFO:root:NEGATIVE_EFFECT-P: count: 5.000; mean: 0.579; std: 0.027; min: 0.544; 25%: 0.556; 50%: 0.591; 75%: 0.601; max: 0.604
INFO:root:NEGATIVE_EFFECT-R: count: 5.000; mean: 0.719; std: 0.057; min: 0.660; 25%: 0.664; 50%: 0.719; 75%: 0.771; max: 0.781
INFO:root:OBJECTIVE-F1: count: 5.000; mean: 0.338; std: 0.071; min: 0.261; 25%: 0.271; 50%: 0.357; 75%: 0.373; max: 0.428
INFO:root:OBJECTIVE-P: count: 5.000; mean: 0.247; std: 0.059; min: 0.183; 25%: 0.196; 50%: 0.261; 75%: 0.267; max: 0.328
INFO:root:OBJECTIVE-R: count: 5.000; mean: 0.544; std: 0.102; min: 0.389; 25%: 0.519; 50%: 0.541; 75%: 0.615; max: 0.655
INFO:root:VICTIM-F1: count: 5.000; mean: 0.568; std: 0.027; min: 0.525; 25%: 0.570; 50%: 0.573; 75%: 0.576; max: 0.598
INFO:root:VICTIM-P: count: 5.000; mean: 0.528; std: 0.019; min: 0.497; 25%: 0.524; 50%: 0.537; 75%: 0.539; max: 0.543
INFO:root:VICTIM-R: count: 5.000; mean: 0.616; std: 0.040; min: 0.556; 25%: 0.605; 50%: 0.622; 75%: 0.633; max: 0.664
INFO:root:micro-P : count: 5.000; mean: 0.477; std: 0.021; min: 0.451; 25%: 0.469; 50%: 0.477; 75%: 0.482; max: 0.507
INFO:root:macro-P : count: 5.000; mean: 0.427; std: 0.021; min: 0.413; 25%: 0.413; 50%: 0.415; 75%: 0.433; max: 0.461
INFO:root:micro-R : count: 5.000; mean: 0.465; std: 0.017; min: 0.447; 25%: 0.449; 50%: 0.467; 75%: 0.477; max: 0.486
INFO:root:macro-R : count: 5.000; mean: 0.563; std: 0.034; min: 0.509; 25%: 0.563; 50%: 0.564; 75%: 0.580; max: 0.601
INFO:root:micro-F1: count: 5.000; mean: 0.471; std: 0.018; min: 0.450; 25%: 0.462; 50%: 0.468; 75%: 0.479; max: 0.496
INFO:root:macro-F1: count: 5.000; mean: 0.480; std: 0.026; min: 0.453; 25%: 0.468; 50%: 0.468; 75%: 0.492; max: 0.518
INFO:root:AGENT-F1m-b: count: 5.000; mean: 0.777; std: 0.022; min: 0.753; 25%: 0.756; 50%: 0.786; 75%: 0.787; max: 0.803
INFO:root:AGENT-F1-b: count: 5.000; mean: 0.692; std: 0.028; min: 0.659; 25%: 0.671; 50%: 0.696; 75%: 0.707; max: 0.729
INFO:root:AGENT-P-b: count: 5.000; mean: 0.591; std: 0.039; min: 0.538; 25%: 0.569; 50%: 0.597; 75%: 0.611; max: 0.641
INFO:root:AGENT-R-b: count: 5.000; mean: 0.837; std: 0.013; min: 0.817; 25%: 0.833; 50%: 0.838; 75%: 0.847; max: 0.848
INFO:root:CAMPAIGNER-F1m-b: count: 5.000; mean: 0.783; std: 0.017; min: 0.762; 25%: 0.772; 50%: 0.780; 75%: 0.795; max: 0.805
INFO:root:CAMPAIGNER-F1-b: count: 5.000; mean: 0.742; std: 0.016; min: 0.720; 25%: 0.735; 50%: 0.741; 75%: 0.755; max: 0.761
INFO:root:CAMPAIGNER-P-b: count: 5.000; mean: 0.668; std: 0.035; min: 0.610; 25%: 0.666; 50%: 0.679; 75%: 0.684; max: 0.701
INFO:root:CAMPAIGNER-R-b: count: 5.000; mean: 0.837; std: 0.025; min: 0.815; 25%: 0.819; 50%: 0.832; 75%: 0.843; max: 0.877
INFO:root:FACILITATOR-F1m-b: count: 5.000; mean: 0.698; std: 0.008; min: 0.687; 25%: 0.694; 50%: 0.699; 75%: 0.705; max: 0.706
INFO:root:FACILITATOR-F1-b: count: 5.000; mean: 0.598; std: 0.020; min: 0.567; 25%: 0.596; 50%: 0.601; 75%: 0.603; max: 0.622
INFO:root:FACILITATOR-P-b: count: 5.000; mean: 0.496; std: 0.020; min: 0.471; 25%: 0.479; 50%: 0.503; 75%: 0.506; max: 0.518
INFO:root:FACILITATOR-R-b: count: 5.000; mean: 0.756; std: 0.052; min: 0.711; 25%: 0.720; 50%: 0.723; 75%: 0.807; max: 0.817
INFO:root:NEGATIVE_EFFECT-F1m-b: count: 5.000; mean: 0.816; std: 0.012; min: 0.804; 25%: 0.808; 50%: 0.814; 75%: 0.822; max: 0.834
INFO:root:NEGATIVE_EFFECT-F1-b: count: 5.000; mean: 0.824; std: 0.011; min: 0.810; 25%: 0.820; 50%: 0.820; 75%: 0.829; max: 0.839
INFO:root:NEGATIVE_EFFECT-P-b: count: 5.000; mean: 0.772; std: 0.022; min: 0.742; 25%: 0.758; 50%: 0.775; 75%: 0.787; max: 0.799
INFO:root:NEGATIVE_EFFECT-R-b: count: 5.000; mean: 0.883; std: 0.016; min: 0.863; 25%: 0.870; 50%: 0.891; 75%: 0.892; max: 0.899
INFO:root:OBJECTIVE-F1m-b: count: 5.000; mean: 0.699; std: 0.016; min: 0.682; 25%: 0.684; 50%: 0.703; 75%: 0.707; max: 0.719
INFO:root:OBJECTIVE-F1-b: count: 5.000; mean: 0.469; std: 0.030; min: 0.434; 25%: 0.449; 50%: 0.471; 75%: 0.483; max: 0.510
INFO:root:OBJECTIVE-P-b: count: 5.000; mean: 0.365; std: 0.033; min: 0.314; 25%: 0.351; 50%: 0.378; 75%: 0.391; max: 0.394
INFO:root:OBJECTIVE-R-b: count: 5.000; mean: 0.662; std: 0.048; min: 0.622; 25%: 0.627; 50%: 0.633; 75%: 0.704; max: 0.722
INFO:root:VICTIM-F1m-b: count: 5.000; mean: 0.810; std: 0.012; min: 0.790; 25%: 0.807; 50%: 0.815; 75%: 0.818; max: 0.820
INFO:root:VICTIM-F1-b: count: 5.000; mean: 0.827; std: 0.012; min: 0.806; 25%: 0.827; 50%: 0.832; 75%: 0.834; max: 0.836
INFO:root:VICTIM-P-b: count: 5.000; mean: 0.766; std: 0.020; min: 0.739; 25%: 0.751; 50%: 0.770; 75%: 0.783; max: 0.785
INFO:root:VICTIM-R-b: count: 5.000; mean: 0.899; std: 0.014; min: 0.886; 25%: 0.888; 50%: 0.894; 75%: 0.909; max: 0.919
INFO:root:Per-fold scores:
INFO:root:P       : [0.413, 0.413, 0.415, 0.433, 0.461]
INFO:root:R       : [0.563, 0.509, 0.564, 0.580, 0.601]
INFO:root:F1      : [0.468, 0.453, 0.468, 0.492, 0.518]
INFO:root:AGENT-F1: [0.420, 0.457, 0.455, 0.460, 0.482]
INFO:root:AGENT-P : [0.375, 0.424, 0.439, 0.431, 0.434]
INFO:root:AGENT-R : [0.476, 0.495, 0.471, 0.492, 0.541]
INFO:root:CAMPAIGNER-F1: [0.460, 0.470, 0.512, 0.504, 0.532]
INFO:root:CAMPAIGNER-P: [0.437, 0.452, 0.488, 0.446, 0.505]
INFO:root:CAMPAIGNER-R: [0.486, 0.490, 0.539, 0.579, 0.562]
INFO:root:FACILITATOR-F1: [0.427, 0.323, 0.365, 0.383, 0.415]
INFO:root:FACILITATOR-P: [0.350, 0.280, 0.294, 0.326, 0.352]
INFO:root:FACILITATOR-R: [0.546, 0.381, 0.479, 0.465, 0.505]
INFO:root:NEGATIVE_EFFECT-F1: [0.604, 0.632, 0.638, 0.673, 0.654]
INFO:root:NEGATIVE_EFFECT-P: [0.556, 0.604, 0.544, 0.591, 0.601]
INFO:root:NEGATIVE_EFFECT-R: [0.660, 0.664, 0.771, 0.781, 0.719]
INFO:root:OBJECTIVE-F1: [0.373, 0.261, 0.271, 0.357, 0.428]
INFO:root:OBJECTIVE-P: [0.261, 0.196, 0.183, 0.267, 0.328]
INFO:root:OBJECTIVE-R: [0.655, 0.389, 0.519, 0.541, 0.615]
INFO:root:VICTIM-F1: [0.525, 0.573, 0.570, 0.576, 0.598]
INFO:root:VICTIM-P: [0.497, 0.524, 0.539, 0.537, 0.543]
INFO:root:VICTIM-R: [0.556, 0.633, 0.605, 0.622, 0.664]
INFO:root:micro-P : [0.451, 0.477, 0.469, 0.482, 0.507]
INFO:root:macro-P : [0.413, 0.413, 0.415, 0.433, 0.461]
INFO:root:micro-R : [0.449, 0.447, 0.467, 0.477, 0.486]
INFO:root:macro-R : [0.563, 0.509, 0.564, 0.580, 0.601]
INFO:root:micro-F1: [0.450, 0.462, 0.468, 0.479, 0.496]
INFO:root:macro-F1: [0.468, 0.453, 0.468, 0.492, 0.518]
INFO:root:AGENT-F1m-b: [0.753, 0.803, 0.786, 0.756, 0.787]
INFO:root:AGENT-F1-b: [0.659, 0.729, 0.696, 0.671, 0.707]
INFO:root:AGENT-P-b: [0.538, 0.641, 0.597, 0.569, 0.611]
INFO:root:AGENT-R-b: [0.848, 0.847, 0.833, 0.817, 0.838]
INFO:root:CAMPAIGNER-F1m-b: [0.805, 0.795, 0.780, 0.762, 0.772]
INFO:root:CAMPAIGNER-F1-b: [0.755, 0.761, 0.741, 0.720, 0.735]
INFO:root:CAMPAIGNER-P-b: [0.684, 0.701, 0.679, 0.610, 0.666]
INFO:root:CAMPAIGNER-R-b: [0.843, 0.832, 0.815, 0.877, 0.819]
INFO:root:FACILITATOR-F1m-b: [0.706, 0.687, 0.699, 0.694, 0.705]
INFO:root:FACILITATOR-F1-b: [0.622, 0.567, 0.601, 0.596, 0.603]
INFO:root:FACILITATOR-P-b: [0.503, 0.471, 0.479, 0.506, 0.518]
INFO:root:FACILITATOR-R-b: [0.817, 0.711, 0.807, 0.723, 0.720]
INFO:root:NEGATIVE_EFFECT-F1m-b: [0.814, 0.822, 0.804, 0.834, 0.808]
INFO:root:NEGATIVE_EFFECT-F1-b: [0.820, 0.829, 0.810, 0.839, 0.820]
INFO:root:NEGATIVE_EFFECT-P-b: [0.758, 0.799, 0.742, 0.787, 0.775]
INFO:root:NEGATIVE_EFFECT-R-b: [0.892, 0.863, 0.891, 0.899, 0.870]
INFO:root:OBJECTIVE-F1m-b: [0.719, 0.684, 0.682, 0.703, 0.707]
INFO:root:OBJECTIVE-F1-b: [0.510, 0.449, 0.434, 0.483, 0.471]
INFO:root:OBJECTIVE-P-b: [0.394, 0.351, 0.314, 0.391, 0.378]
INFO:root:OBJECTIVE-R-b: [0.722, 0.622, 0.704, 0.633, 0.627]
INFO:root:VICTIM-F1m-b: [0.790, 0.820, 0.815, 0.807, 0.818]
INFO:root:VICTIM-F1-b: [0.806, 0.834, 0.836, 0.827, 0.832]
INFO:root:VICTIM-P-b: [0.739, 0.770, 0.785, 0.751, 0.783]
INFO:root:VICTIM-R-b: [0.888, 0.909, 0.894, 0.919, 0.886]
