INFO:root:RUNNING classif. experiments: lang=EN, num_folds=5, max_seq_len=256, eval=0.1, rnd_seed=564671, test=None
INFO:root:... HPARAMS = learning_rate: 2e-05; num_train_epochs: 3; warmup: 0.1; weight_decay: 0.01; batch_size: 16
INFO:root:RUNNING crossvalid. for model: FacebookAI/roberta-base
INFO:root:Starting Fold 1
INFO:root:model built
INFO:root:Fold 1 scores:
INFO:root:F1_macro  : 0.941; F1        : 0.939; F1-neg    : 0.944; ACC       : 0.941; prec      : 0.937; recall    : 0.941; MCC       : 0.883
INFO:root:Pausing for 1 minutes...
INFO:root:Starting Fold 2
INFO:root:model built
INFO:root:Fold 2 scores:
INFO:root:F1_macro  : 0.925; F1        : 0.924; F1-neg    : 0.926; ACC       : 0.925; prec      : 0.901; recall    : 0.949; MCC       : 0.851
INFO:root:Pausing for 1 minutes...
INFO:root:Starting Fold 3
INFO:root:model built
INFO:root:Fold 3 scores:
INFO:root:F1_macro  : 0.932; F1        : 0.932; F1-neg    : 0.932; ACC       : 0.932; prec      : 0.898; recall    : 0.969; MCC       : 0.867
INFO:root:Pausing for 1 minutes...
INFO:root:Starting Fold 4
INFO:root:model built
INFO:root:Fold 4 scores:
INFO:root:F1_macro  : 0.920; F1        : 0.920; F1-neg    : 0.921; ACC       : 0.920; prec      : 0.891; recall    : 0.950; MCC       : 0.843
INFO:root:Pausing for 1 minutes...
INFO:root:Starting Fold 5
INFO:root:model built
INFO:root:Fold 5 scores:
INFO:root:F1_macro  : 0.941; F1        : 0.941; F1-neg    : 0.942; ACC       : 0.941; prec      : 0.912; recall    : 0.971; MCC       : 0.885
INFO:root:CROSSVALIDATION results:
INFO:root:F1_macro  : count: 5.000; mean: 0.932; std: 0.010; min: 0.920; 25%: 0.925; 50%: 0.932; 75%: 0.941; max: 0.941
INFO:root:F1        : count: 5.000; mean: 0.931; std: 0.009; min: 0.920; 25%: 0.924; 50%: 0.932; 75%: 0.939; max: 0.941
INFO:root:F1-neg    : count: 5.000; mean: 0.933; std: 0.010; min: 0.921; 25%: 0.926; 50%: 0.932; 75%: 0.942; max: 0.944
INFO:root:ACC       : count: 5.000; mean: 0.932; std: 0.010; min: 0.920; 25%: 0.925; 50%: 0.932; 75%: 0.941; max: 0.941
INFO:root:prec      : count: 5.000; mean: 0.908; std: 0.018; min: 0.891; 25%: 0.898; 50%: 0.901; 75%: 0.912; max: 0.937
INFO:root:recall    : count: 5.000; mean: 0.956; std: 0.014; min: 0.941; 25%: 0.949; 50%: 0.950; 75%: 0.969; max: 0.971
INFO:root:MCC       : count: 5.000; mean: 0.866; std: 0.019; min: 0.843; 25%: 0.851; 50%: 0.867; 75%: 0.883; max: 0.885
INFO:root:Per-fold scores:
INFO:root:F1_macro  : [0.941, 0.925, 0.932, 0.920, 0.941]
INFO:root:F1        : [0.939, 0.924, 0.932, 0.920, 0.941]
INFO:root:F1-neg    : [0.944, 0.926, 0.932, 0.921, 0.942]
INFO:root:ACC       : [0.941, 0.925, 0.932, 0.920, 0.941]
INFO:root:prec      : [0.937, 0.901, 0.898, 0.891, 0.912]
INFO:root:recall    : [0.941, 0.949, 0.969, 0.950, 0.971]
INFO:root:MCC       : [0.883, 0.851, 0.867, 0.843, 0.885]
INFO:root:Confusion matrix:
INFO:root: 517.00,   51.20
INFO:root:  23.00,  501.20
INFO:root:Pausing for 2 minutes...
INFO:root:RUNNING classif. experiments: lang=ES, num_folds=5, max_seq_len=256, eval=0.1, rnd_seed=564671, test=None
INFO:root:... HPARAMS = learning_rate: 2e-05; num_train_epochs: 3; warmup: 0.1; weight_decay: 0.01; batch_size: 16
INFO:root:RUNNING crossvalid. for model: PlanTL-GOB-ES/roberta-base-bne
INFO:root:Starting Fold 1
INFO:root:model built
INFO:root:Fold 1 scores:
INFO:root:F1_macro  : 0.884; F1        : 0.878; F1-neg    : 0.889; ACC       : 0.884; prec      : 0.873; recall    : 0.882; MCC       : 0.767
INFO:root:Pausing for 1 minutes...
INFO:root:Starting Fold 2
INFO:root:model built
INFO:root:Fold 2 scores:
INFO:root:F1_macro  : 0.898; F1        : 0.896; F1-neg    : 0.899; ACC       : 0.898; prec      : 0.861; recall    : 0.935; MCC       : 0.799
INFO:root:Pausing for 1 minutes...
INFO:root:Starting Fold 3
INFO:root:model built
INFO:root:Fold 3 scores:
INFO:root:F1_macro  : 0.888; F1        : 0.883; F1-neg    : 0.894; ACC       : 0.888; prec      : 0.876; recall    : 0.890; MCC       : 0.777
INFO:root:Pausing for 1 minutes...
INFO:root:Starting Fold 4
INFO:root:model built
INFO:root:Fold 4 scores:
INFO:root:F1_macro  : 0.905; F1        : 0.898; F1-neg    : 0.911; ACC       : 0.905; prec      : 0.907; recall    : 0.890; MCC       : 0.810
INFO:root:Pausing for 1 minutes...
INFO:root:Starting Fold 5
INFO:root:model built
INFO:root:Fold 5 scores:
INFO:root:F1_macro  : 0.877; F1        : 0.870; F1-neg    : 0.884; ACC       : 0.877; prec      : 0.871; recall    : 0.868; MCC       : 0.754
INFO:root:CROSSVALIDATION results:
INFO:root:F1_macro  : count: 5.000; mean: 0.890; std: 0.011; min: 0.877; 25%: 0.884; 50%: 0.888; 75%: 0.898; max: 0.905
INFO:root:F1        : count: 5.000; mean: 0.885; std: 0.012; min: 0.870; 25%: 0.878; 50%: 0.883; 75%: 0.896; max: 0.898
INFO:root:F1-neg    : count: 5.000; mean: 0.896; std: 0.010; min: 0.884; 25%: 0.889; 50%: 0.894; 75%: 0.899; max: 0.911
INFO:root:ACC       : count: 5.000; mean: 0.890; std: 0.011; min: 0.877; 25%: 0.884; 50%: 0.888; 75%: 0.898; max: 0.905
INFO:root:prec      : count: 5.000; mean: 0.878; std: 0.018; min: 0.861; 25%: 0.871; 50%: 0.873; 75%: 0.876; max: 0.907
INFO:root:recall    : count: 5.000; mean: 0.893; std: 0.025; min: 0.868; 25%: 0.882; 50%: 0.890; 75%: 0.890; max: 0.935
INFO:root:MCC       : count: 5.000; mean: 0.781; std: 0.023; min: 0.754; 25%: 0.767; 50%: 0.777; 75%: 0.799; max: 0.810
INFO:root:Per-fold scores:
INFO:root:F1_macro  : [0.884, 0.898, 0.888, 0.905, 0.877]
INFO:root:F1        : [0.878, 0.896, 0.883, 0.898, 0.870]
INFO:root:F1-neg    : [0.889, 0.899, 0.894, 0.911, 0.884]
INFO:root:ACC       : [0.884, 0.898, 0.888, 0.905, 0.877]
INFO:root:prec      : [0.873, 0.861, 0.876, 0.907, 0.871]
INFO:root:recall    : [0.882, 0.935, 0.890, 0.890, 0.868]
INFO:root:MCC       : [0.767, 0.799, 0.777, 0.810, 0.754]
INFO:root:Confusion matrix:
INFO:root: 504.80,   63.40
INFO:root:  54.40,  453.20
INFO:root:Pausing for 2 minutes...
