INFO:root:RUNNING classif. experiments: lang=EN, num_folds=5, max_seq_len=256, eval=None, rnd_seed=564671, test=None
INFO:root:... HPARAMS = learning_rate: 2e-05; num_train_epochs: 3; warmup: 0.1; weight_decay: 0.01; batch_size: 16
INFO:root:RUNNING crossvalid. for model: FacebookAI/roberta-base
INFO:root:Starting Fold 1
INFO:root:model built
INFO:root:Fold 1 scores:
INFO:root:F1_macro  : 0.900; F1        : 0.931; F1-neg    : 0.869; ACC       : 0.910; prec      : 0.930; recall    : 0.933; MCC       : 0.801
INFO:root:Pausing for 1 minutes...
INFO:root:Starting Fold 2
INFO:root:model built
INFO:root:Fold 2 scores:
INFO:root:F1_macro  : 0.891; F1        : 0.925; F1-neg    : 0.857; ACC       : 0.901; prec      : 0.924; recall    : 0.926; MCC       : 0.781
INFO:root:Pausing for 1 minutes...
INFO:root:Starting Fold 3
INFO:root:model built
INFO:root:Fold 3 scores:
INFO:root:F1_macro  : 0.891; F1        : 0.922; F1-neg    : 0.860; ACC       : 0.900; prec      : 0.939; recall    : 0.906; MCC       : 0.783
INFO:root:Pausing for 1 minutes...
INFO:root:Starting Fold 4
INFO:root:model built
INFO:root:Fold 4 scores:
INFO:root:F1_macro  : 0.903; F1        : 0.935; F1-neg    : 0.871; ACC       : 0.914; prec      : 0.921; recall    : 0.950; MCC       : 0.807
INFO:root:Pausing for 1 minutes...
INFO:root:Starting Fold 5
INFO:root:model built
INFO:root:Fold 5 scores:
INFO:root:F1_macro  : 0.877; F1        : 0.915; F1-neg    : 0.839; ACC       : 0.889; prec      : 0.918; recall    : 0.912; MCC       : 0.754
INFO:root:CROSSVALIDATION results:
INFO:root:F1_macro  : count: 5.000; mean: 0.892; std: 0.010; min: 0.877; 25%: 0.891; 50%: 0.891; 75%: 0.900; max: 0.903
INFO:root:F1        : count: 5.000; mean: 0.926; std: 0.008; min: 0.915; 25%: 0.922; 50%: 0.925; 75%: 0.931; max: 0.935
INFO:root:F1-neg    : count: 5.000; mean: 0.859; std: 0.013; min: 0.839; 25%: 0.857; 50%: 0.860; 75%: 0.869; max: 0.871
INFO:root:ACC       : count: 5.000; mean: 0.903; std: 0.010; min: 0.889; 25%: 0.900; 50%: 0.901; 75%: 0.910; max: 0.914
INFO:root:prec      : count: 5.000; mean: 0.926; std: 0.008; min: 0.918; 25%: 0.921; 50%: 0.924; 75%: 0.930; max: 0.939
INFO:root:recall    : count: 5.000; mean: 0.926; std: 0.017; min: 0.906; 25%: 0.912; 50%: 0.926; 75%: 0.933; max: 0.950
INFO:root:MCC       : count: 5.000; mean: 0.785; std: 0.021; min: 0.754; 25%: 0.781; 50%: 0.783; 75%: 0.801; max: 0.807
INFO:root:Per-fold scores:
INFO:root:F1_macro  : [0.900, 0.891, 0.891, 0.903, 0.877]
INFO:root:F1        : [0.931, 0.925, 0.922, 0.935, 0.915]
INFO:root:F1-neg    : [0.869, 0.857, 0.860, 0.871, 0.839]
INFO:root:ACC       : [0.910, 0.901, 0.900, 0.914, 0.889]
INFO:root:prec      : [0.930, 0.924, 0.939, 0.921, 0.918]
INFO:root:recall    : [0.933, 0.926, 0.906, 0.950, 0.912]
INFO:root:MCC       : [0.801, 0.781, 0.783, 0.807, 0.754]
INFO:root:Confusion matrix:
INFO:root: 237.00,   38.80
INFO:root:  39.00,  485.20
INFO:root:Pausing for 2 minutes...
INFO:root:RUNNING classif. experiments: lang=ES, num_folds=5, max_seq_len=256, eval=None, rnd_seed=564671, test=None
INFO:root:... HPARAMS = learning_rate: 2e-05; num_train_epochs: 3; warmup: 0.1; weight_decay: 0.01; batch_size: 16
INFO:root:RUNNING crossvalid. for model: PlanTL-GOB-ES/roberta-base-bne
INFO:root:Starting Fold 1
INFO:root:model built
INFO:root:Fold 1 scores:
INFO:root:F1_macro  : 0.846; F1        : 0.888; F1-neg    : 0.803; ACC       : 0.858; prec      : 0.885; recall    : 0.892; MCC       : 0.692
INFO:root:Pausing for 1 minutes...
INFO:root:Starting Fold 2
INFO:root:model built
INFO:root:Fold 2 scores:
INFO:root:F1_macro  : 0.845; F1        : 0.889; F1-neg    : 0.801; ACC       : 0.858; prec      : 0.879; recall    : 0.900; MCC       : 0.690
INFO:root:Pausing for 1 minutes...
INFO:root:Starting Fold 3
INFO:root:model built
INFO:root:Fold 3 scores:
INFO:root:F1_macro  : 0.864; F1        : 0.901; F1-neg    : 0.826; ACC       : 0.874; prec      : 0.898; recall    : 0.904; MCC       : 0.727
INFO:root:Pausing for 1 minutes...
INFO:root:Starting Fold 4
INFO:root:model built
INFO:root:Fold 4 scores:
INFO:root:F1_macro  : 0.859; F1        : 0.894; F1-neg    : 0.823; ACC       : 0.868; prec      : 0.907; recall    : 0.882; MCC       : 0.718
INFO:root:Pausing for 1 minutes...
INFO:root:Starting Fold 5
INFO:root:model built
INFO:root:Fold 5 scores:
INFO:root:F1_macro  : 0.832; F1        : 0.879; F1-neg    : 0.784; ACC       : 0.845; prec      : 0.869; recall    : 0.890; MCC       : 0.664
INFO:root:CROSSVALIDATION results:
INFO:root:F1_macro  : count: 5.000; mean: 0.849; std: 0.013; min: 0.832; 25%: 0.845; 50%: 0.846; 75%: 0.859; max: 0.864
INFO:root:F1        : count: 5.000; mean: 0.890; std: 0.008; min: 0.879; 25%: 0.888; 50%: 0.889; 75%: 0.894; max: 0.901
INFO:root:F1-neg    : count: 5.000; mean: 0.808; std: 0.017; min: 0.784; 25%: 0.801; 50%: 0.803; 75%: 0.823; max: 0.826
INFO:root:ACC       : count: 5.000; mean: 0.860; std: 0.011; min: 0.845; 25%: 0.858; 50%: 0.858; 75%: 0.868; max: 0.874
INFO:root:prec      : count: 5.000; mean: 0.888; std: 0.015; min: 0.869; 25%: 0.879; 50%: 0.885; 75%: 0.898; max: 0.907
INFO:root:recall    : count: 5.000; mean: 0.893; std: 0.009; min: 0.882; 25%: 0.890; 50%: 0.892; 75%: 0.900; max: 0.904
INFO:root:MCC       : count: 5.000; mean: 0.698; std: 0.025; min: 0.664; 25%: 0.690; 50%: 0.692; 75%: 0.718; max: 0.727
INFO:root:Per-fold scores:
INFO:root:F1_macro  : [0.846, 0.845, 0.864, 0.859, 0.832]
INFO:root:F1        : [0.888, 0.889, 0.901, 0.894, 0.879]
INFO:root:F1-neg    : [0.803, 0.801, 0.826, 0.823, 0.784]
INFO:root:ACC       : [0.858, 0.858, 0.874, 0.868, 0.845]
INFO:root:prec      : [0.885, 0.879, 0.898, 0.907, 0.869]
INFO:root:recall    : [0.892, 0.900, 0.904, 0.882, 0.890]
INFO:root:MCC       : [0.692, 0.690, 0.727, 0.718, 0.664]
INFO:root:Confusion matrix:
INFO:root: 234.80,   57.60
INFO:root:  54.20,  453.40
INFO:root:Pausing for 2 minutes...
