INFO:root:RUNNING classif. experiments: lang=ES, num_folds=5, max_seq_len=256, eval=None, rnd_seed=1943123, test=False
INFO:root:... SEED = 1943123
INFO:root:... HPARAMS = learning_rate: 2e-05; num_train_epochs: 5; warmup: 0.1; weight_decay: 0.01; batch_size: 16
INFO:root:RUNNING crossvalid. for model: PlanTL-GOB-ES/roberta-base-bne
INFO:root:Starting Fold 1
INFO:root:model built
INFO:root:Fold 1 scores:
INFO:root:F1: 0.512; P: 0.473; R: 0.570
INFO:root:AGENT-F1: 0.476; AGENT-P: 0.456; AGENT-R: 0.498
INFO:root:AGENT-F1-b: 0.670; AGENT-P-b: 0.570; AGENT-R-b: 0.812
INFO:root:CAMPAIGNER-F1: 0.566; CAMPAIGNER-P: 0.533; CAMPAIGNER-R: 0.603
INFO:root:CAMPAIGNER-F1-b: 0.740; CAMPAIGNER-P-b: 0.653; CAMPAIGNER-R-b: 0.854
INFO:root:FACILITATOR-F1: 0.439; FACILITATOR-P: 0.379; FACILITATOR-R: 0.522
INFO:root:FACILITATOR-F1-b: 0.627; FACILITATOR-P-b: 0.509; FACILITATOR-R-b: 0.817
INFO:root:NEGATIVE_EFFECT-F1: 0.623; NEGATIVE_EFFECT-P: 0.599; NEGATIVE_EFFECT-R: 0.649
INFO:root:NEGATIVE_EFFECT-F1-b: 0.795; NEGATIVE_EFFECT-P-b: 0.738; NEGATIVE_EFFECT-R-b: 0.861
INFO:root:OBJECTIVE-F1: 0.335; OBJECTIVE-P: 0.252; OBJECTIVE-R: 0.502
INFO:root:OBJECTIVE-F1-b: 0.436; OBJECTIVE-P-b: 0.353; OBJECTIVE-R-b: 0.569
INFO:root:VICTIM-F1: 0.633; VICTIM-P: 0.621; VICTIM-R: 0.646
INFO:root:VICTIM-F1-b: 0.815; VICTIM-P-b: 0.766; VICTIM-R-b: 0.870
INFO:root:Starting Fold 2
INFO:root:model built
INFO:root:Fold 2 scores:
INFO:root:F1: 0.506; P: 0.474; R: 0.552
INFO:root:AGENT-F1: 0.517; AGENT-P: 0.496; AGENT-R: 0.540
INFO:root:AGENT-F1-b: 0.717; AGENT-P-b: 0.621; AGENT-R-b: 0.847
INFO:root:CAMPAIGNER-F1: 0.534; CAMPAIGNER-P: 0.527; CAMPAIGNER-R: 0.541
INFO:root:CAMPAIGNER-F1-b: 0.723; CAMPAIGNER-P-b: 0.669; CAMPAIGNER-R-b: 0.786
INFO:root:FACILITATOR-F1: 0.367; FACILITATOR-P: 0.312; FACILITATOR-R: 0.446
INFO:root:FACILITATOR-F1-b: 0.581; FACILITATOR-P-b: 0.466; FACILITATOR-R-b: 0.772
INFO:root:NEGATIVE_EFFECT-F1: 0.643; NEGATIVE_EFFECT-P: 0.638; NEGATIVE_EFFECT-R: 0.647
INFO:root:NEGATIVE_EFFECT-F1-b: 0.802; NEGATIVE_EFFECT-P-b: 0.758; NEGATIVE_EFFECT-R-b: 0.853
INFO:root:OBJECTIVE-F1: 0.351; OBJECTIVE-P: 0.279; OBJECTIVE-R: 0.476
INFO:root:OBJECTIVE-F1-b: 0.503; OBJECTIVE-P-b: 0.416; OBJECTIVE-R-b: 0.635
INFO:root:VICTIM-F1: 0.624; VICTIM-P: 0.591; VICTIM-R: 0.662
INFO:root:VICTIM-F1-b: 0.806; VICTIM-P-b: 0.740; VICTIM-R-b: 0.883
INFO:root:Starting Fold 3
INFO:root:model built
INFO:root:Fold 3 scores:
INFO:root:F1: 0.518; P: 0.478; R: 0.582
INFO:root:AGENT-F1: 0.535; AGENT-P: 0.520; AGENT-R: 0.552
INFO:root:AGENT-F1-b: 0.675; AGENT-P-b: 0.572; AGENT-R-b: 0.823
INFO:root:CAMPAIGNER-F1: 0.545; CAMPAIGNER-P: 0.537; CAMPAIGNER-R: 0.553
INFO:root:CAMPAIGNER-F1-b: 0.722; CAMPAIGNER-P-b: 0.651; CAMPAIGNER-R-b: 0.812
INFO:root:FACILITATOR-F1: 0.393; FACILITATOR-P: 0.332; FACILITATOR-R: 0.481
INFO:root:FACILITATOR-F1-b: 0.588; FACILITATOR-P-b: 0.473; FACILITATOR-R-b: 0.777
INFO:root:NEGATIVE_EFFECT-F1: 0.646; NEGATIVE_EFFECT-P: 0.591; NEGATIVE_EFFECT-R: 0.712
INFO:root:NEGATIVE_EFFECT-F1-b: 0.805; NEGATIVE_EFFECT-P-b: 0.752; NEGATIVE_EFFECT-R-b: 0.867
INFO:root:OBJECTIVE-F1: 0.340; OBJECTIVE-P: 0.251; OBJECTIVE-R: 0.523
INFO:root:OBJECTIVE-F1-b: 0.397; OBJECTIVE-P-b: 0.315; OBJECTIVE-R-b: 0.537
INFO:root:VICTIM-F1: 0.651; VICTIM-P: 0.634; VICTIM-R: 0.669
INFO:root:VICTIM-F1-b: 0.827; VICTIM-P-b: 0.782; VICTIM-R-b: 0.878
INFO:root:Starting Fold 4
INFO:root:model built
INFO:root:Fold 4 scores:
INFO:root:F1: 0.527; P: 0.488; R: 0.580
INFO:root:AGENT-F1: 0.475; AGENT-P: 0.468; AGENT-R: 0.482
INFO:root:AGENT-F1-b: 0.657; AGENT-P-b: 0.568; AGENT-R-b: 0.779
INFO:root:CAMPAIGNER-F1: 0.568; CAMPAIGNER-P: 0.512; CAMPAIGNER-R: 0.639
INFO:root:CAMPAIGNER-F1-b: 0.698; CAMPAIGNER-P-b: 0.596; CAMPAIGNER-R-b: 0.844
INFO:root:FACILITATOR-F1: 0.392; FACILITATOR-P: 0.347; FACILITATOR-R: 0.450
INFO:root:FACILITATOR-F1-b: 0.576; FACILITATOR-P-b: 0.491; FACILITATOR-R-b: 0.696
INFO:root:NEGATIVE_EFFECT-F1: 0.713; NEGATIVE_EFFECT-P: 0.664; NEGATIVE_EFFECT-R: 0.771
INFO:root:NEGATIVE_EFFECT-F1-b: 0.827; NEGATIVE_EFFECT-P-b: 0.786; NEGATIVE_EFFECT-R-b: 0.873
INFO:root:OBJECTIVE-F1: 0.384; OBJECTIVE-P: 0.315; OBJECTIVE-R: 0.492
INFO:root:OBJECTIVE-F1-b: 0.468; OBJECTIVE-P-b: 0.404; OBJECTIVE-R-b: 0.557
INFO:root:VICTIM-F1: 0.632; VICTIM-P: 0.620; VICTIM-R: 0.644
INFO:root:VICTIM-F1-b: 0.807; VICTIM-P-b: 0.749; VICTIM-R-b: 0.874
INFO:root:Starting Fold 5
INFO:root:model built
INFO:root:Fold 5 scores:
INFO:root:F1: 0.519; P: 0.479; R: 0.576
INFO:root:AGENT-F1: 0.522; AGENT-P: 0.492; AGENT-R: 0.556
INFO:root:AGENT-F1-b: 0.687; AGENT-P-b: 0.605; AGENT-R-b: 0.795
INFO:root:CAMPAIGNER-F1: 0.564; CAMPAIGNER-P: 0.527; CAMPAIGNER-R: 0.607
INFO:root:CAMPAIGNER-F1-b: 0.732; CAMPAIGNER-P-b: 0.640; CAMPAIGNER-R-b: 0.856
INFO:root:FACILITATOR-F1: 0.439; FACILITATOR-P: 0.378; FACILITATOR-R: 0.523
INFO:root:FACILITATOR-F1-b: 0.586; FACILITATOR-P-b: 0.497; FACILITATOR-R-b: 0.716
INFO:root:NEGATIVE_EFFECT-F1: 0.636; NEGATIVE_EFFECT-P: 0.628; NEGATIVE_EFFECT-R: 0.644
INFO:root:NEGATIVE_EFFECT-F1-b: 0.829; NEGATIVE_EFFECT-P-b: 0.785; NEGATIVE_EFFECT-R-b: 0.877
INFO:root:OBJECTIVE-F1: 0.306; OBJECTIVE-P: 0.232; OBJECTIVE-R: 0.449
INFO:root:OBJECTIVE-F1-b: 0.379; OBJECTIVE-P-b: 0.287; OBJECTIVE-R-b: 0.559
INFO:root:VICTIM-F1: 0.645; VICTIM-P: 0.617; VICTIM-R: 0.676
INFO:root:VICTIM-F1-b: 0.813; VICTIM-P-b: 0.767; VICTIM-R-b: 0.864
INFO:root:CROSSVALIDATION results:
INFO:root:P       : count: 5.000; mean: 0.478; std: 0.006; min: 0.473; 25%: 0.474; 50%: 0.478; 75%: 0.479; max: 0.488
INFO:root:R       : count: 5.000; mean: 0.572; std: 0.012; min: 0.552; 25%: 0.570; 50%: 0.576; 75%: 0.580; max: 0.582
INFO:root:F1      : count: 5.000; mean: 0.517; std: 0.008; min: 0.506; 25%: 0.512; 50%: 0.518; 75%: 0.519; max: 0.527
INFO:root:AGENT-F1: count: 5.000; mean: 0.505; std: 0.028; min: 0.475; 25%: 0.476; 50%: 0.517; 75%: 0.522; max: 0.535
INFO:root:AGENT-P : count: 5.000; mean: 0.486; std: 0.025; min: 0.456; 25%: 0.468; 50%: 0.492; 75%: 0.496; max: 0.520
INFO:root:AGENT-R : count: 5.000; mean: 0.526; std: 0.033; min: 0.482; 25%: 0.498; 50%: 0.540; 75%: 0.552; max: 0.556
INFO:root:CAMPAIGNER-F1: count: 5.000; mean: 0.556; std: 0.015; min: 0.534; 25%: 0.545; 50%: 0.564; 75%: 0.566; max: 0.568
INFO:root:CAMPAIGNER-P: count: 5.000; mean: 0.527; std: 0.010; min: 0.512; 25%: 0.527; 50%: 0.527; 75%: 0.533; max: 0.537
INFO:root:CAMPAIGNER-R: count: 5.000; mean: 0.589; std: 0.041; min: 0.541; 25%: 0.553; 50%: 0.603; 75%: 0.607; max: 0.639
INFO:root:FACILITATOR-F1: count: 5.000; mean: 0.406; std: 0.032; min: 0.367; 25%: 0.392; 50%: 0.393; 75%: 0.439; max: 0.439
INFO:root:FACILITATOR-P: count: 5.000; mean: 0.349; std: 0.029; min: 0.312; 25%: 0.332; 50%: 0.347; 75%: 0.378; max: 0.379
INFO:root:FACILITATOR-R: count: 5.000; mean: 0.484; std: 0.037; min: 0.446; 25%: 0.450; 50%: 0.481; 75%: 0.522; max: 0.523
INFO:root:NEGATIVE_EFFECT-F1: count: 5.000; mean: 0.652; std: 0.035; min: 0.623; 25%: 0.636; 50%: 0.643; 75%: 0.646; max: 0.713
INFO:root:NEGATIVE_EFFECT-P: count: 5.000; mean: 0.624; std: 0.029; min: 0.591; 25%: 0.599; 50%: 0.628; 75%: 0.638; max: 0.664
INFO:root:NEGATIVE_EFFECT-R: count: 5.000; mean: 0.685; std: 0.056; min: 0.644; 25%: 0.647; 50%: 0.649; 75%: 0.712; max: 0.771
INFO:root:OBJECTIVE-F1: count: 5.000; mean: 0.343; std: 0.028; min: 0.306; 25%: 0.335; 50%: 0.340; 75%: 0.351; max: 0.384
INFO:root:OBJECTIVE-P: count: 5.000; mean: 0.266; std: 0.032; min: 0.232; 25%: 0.251; 50%: 0.252; 75%: 0.279; max: 0.315
INFO:root:OBJECTIVE-R: count: 5.000; mean: 0.488; std: 0.028; min: 0.449; 25%: 0.476; 50%: 0.492; 75%: 0.502; max: 0.523
INFO:root:VICTIM-F1: count: 5.000; mean: 0.637; std: 0.011; min: 0.624; 25%: 0.632; 50%: 0.633; 75%: 0.645; max: 0.651
INFO:root:VICTIM-P: count: 5.000; mean: 0.617; std: 0.016; min: 0.591; 25%: 0.617; 50%: 0.620; 75%: 0.621; max: 0.634
INFO:root:VICTIM-R: count: 5.000; mean: 0.660; std: 0.014; min: 0.644; 25%: 0.646; 50%: 0.662; 75%: 0.669; max: 0.676
INFO:root:micro-P : count: 5.000; mean: 0.533; std: 0.008; min: 0.522; 25%: 0.529; 50%: 0.533; 75%: 0.537; max: 0.543
INFO:root:macro-P : count: 5.000; mean: 0.478; std: 0.006; min: 0.473; 25%: 0.474; 50%: 0.478; 75%: 0.479; max: 0.488
INFO:root:micro-R : count: 5.000; mean: 0.505; std: 0.014; min: 0.488; 25%: 0.495; 50%: 0.504; 75%: 0.517; max: 0.520
INFO:root:macro-R : count: 5.000; mean: 0.572; std: 0.012; min: 0.552; 25%: 0.570; 50%: 0.576; 75%: 0.580; max: 0.582
INFO:root:micro-F1: count: 5.000; mean: 0.518; std: 0.010; min: 0.508; 25%: 0.508; 50%: 0.523; 75%: 0.525; max: 0.528
INFO:root:macro-F1: count: 5.000; mean: 0.517; std: 0.008; min: 0.506; 25%: 0.512; 50%: 0.518; 75%: 0.519; max: 0.527
INFO:root:AGENT-F1m-b: count: 5.000; mean: 0.771; std: 0.015; min: 0.750; 25%: 0.767; 50%: 0.770; 75%: 0.775; max: 0.792
INFO:root:AGENT-F1-b: count: 5.000; mean: 0.681; std: 0.022; min: 0.657; 25%: 0.670; 50%: 0.675; 75%: 0.687; max: 0.717
INFO:root:AGENT-P-b: count: 5.000; mean: 0.587; std: 0.024; min: 0.568; 25%: 0.570; 50%: 0.572; 75%: 0.605; max: 0.621
INFO:root:AGENT-R-b: count: 5.000; mean: 0.811; std: 0.026; min: 0.779; 25%: 0.795; 50%: 0.812; 75%: 0.823; max: 0.847
INFO:root:CAMPAIGNER-F1m-b: count: 5.000; mean: 0.765; std: 0.015; min: 0.746; 25%: 0.761; 50%: 0.762; 75%: 0.764; max: 0.789
INFO:root:CAMPAIGNER-F1-b: count: 5.000; mean: 0.723; std: 0.016; min: 0.698; 25%: 0.722; 50%: 0.723; 75%: 0.732; max: 0.740
INFO:root:CAMPAIGNER-P-b: count: 5.000; mean: 0.642; std: 0.028; min: 0.596; 25%: 0.640; 50%: 0.651; 75%: 0.653; max: 0.669
INFO:root:CAMPAIGNER-R-b: count: 5.000; mean: 0.830; std: 0.030; min: 0.786; 25%: 0.812; 50%: 0.844; 75%: 0.854; max: 0.856
INFO:root:FACILITATOR-F1m-b: count: 5.000; mean: 0.692; std: 0.011; min: 0.679; 25%: 0.689; 50%: 0.690; 75%: 0.691; max: 0.711
INFO:root:FACILITATOR-F1-b: count: 5.000; mean: 0.592; std: 0.020; min: 0.576; 25%: 0.581; 50%: 0.586; 75%: 0.588; max: 0.627
INFO:root:FACILITATOR-P-b: count: 5.000; mean: 0.487; std: 0.017; min: 0.466; 25%: 0.473; 50%: 0.491; 75%: 0.497; max: 0.509
INFO:root:FACILITATOR-R-b: count: 5.000; mean: 0.755; std: 0.049; min: 0.696; 25%: 0.716; 50%: 0.772; 75%: 0.777; max: 0.817
INFO:root:NEGATIVE_EFFECT-F1m-b: count: 5.000; mean: 0.805; std: 0.016; min: 0.789; 25%: 0.789; 50%: 0.804; 75%: 0.818; max: 0.824
INFO:root:NEGATIVE_EFFECT-F1-b: count: 5.000; mean: 0.812; std: 0.015; min: 0.795; 25%: 0.802; 50%: 0.805; 75%: 0.827; max: 0.829
INFO:root:NEGATIVE_EFFECT-P-b: count: 5.000; mean: 0.764; std: 0.021; min: 0.738; 25%: 0.752; 50%: 0.758; 75%: 0.785; max: 0.786
INFO:root:NEGATIVE_EFFECT-R-b: count: 5.000; mean: 0.866; std: 0.010; min: 0.853; 25%: 0.861; 50%: 0.867; 75%: 0.873; max: 0.877
INFO:root:OBJECTIVE-F1m-b: count: 5.000; mean: 0.684; std: 0.026; min: 0.652; 25%: 0.668; 50%: 0.681; 75%: 0.699; max: 0.718
INFO:root:OBJECTIVE-F1-b: count: 5.000; mean: 0.437; std: 0.050; min: 0.379; 25%: 0.397; 50%: 0.436; 75%: 0.468; max: 0.503
INFO:root:OBJECTIVE-P-b: count: 5.000; mean: 0.355; std: 0.055; min: 0.287; 25%: 0.315; 50%: 0.353; 75%: 0.404; max: 0.416
INFO:root:OBJECTIVE-R-b: count: 5.000; mean: 0.572; std: 0.037; min: 0.537; 25%: 0.557; 50%: 0.559; 75%: 0.569; max: 0.635
INFO:root:VICTIM-F1m-b: count: 5.000; mean: 0.798; std: 0.008; min: 0.789; 25%: 0.791; 50%: 0.798; 75%: 0.806; max: 0.807
INFO:root:VICTIM-F1-b: count: 5.000; mean: 0.813; std: 0.009; min: 0.806; 25%: 0.807; 50%: 0.813; 75%: 0.815; max: 0.827
INFO:root:VICTIM-P-b: count: 5.000; mean: 0.761; std: 0.016; min: 0.740; 25%: 0.749; 50%: 0.766; 75%: 0.767; max: 0.782
INFO:root:VICTIM-R-b: count: 5.000; mean: 0.874; std: 0.007; min: 0.864; 25%: 0.870; 50%: 0.874; 75%: 0.878; max: 0.883
INFO:root:Per-fold scores:
INFO:root:P       : [0.473, 0.474, 0.478, 0.488, 0.479]
INFO:root:R       : [0.570, 0.552, 0.582, 0.580, 0.576]
INFO:root:F1      : [0.512, 0.506, 0.518, 0.527, 0.519]
INFO:root:AGENT-F1: [0.476, 0.517, 0.535, 0.475, 0.522]
INFO:root:AGENT-P : [0.456, 0.496, 0.520, 0.468, 0.492]
INFO:root:AGENT-R : [0.498, 0.540, 0.552, 0.482, 0.556]
INFO:root:CAMPAIGNER-F1: [0.566, 0.534, 0.545, 0.568, 0.564]
INFO:root:CAMPAIGNER-P: [0.533, 0.527, 0.537, 0.512, 0.527]
INFO:root:CAMPAIGNER-R: [0.603, 0.541, 0.553, 0.639, 0.607]
INFO:root:FACILITATOR-F1: [0.439, 0.367, 0.393, 0.392, 0.439]
INFO:root:FACILITATOR-P: [0.379, 0.312, 0.332, 0.347, 0.378]
INFO:root:FACILITATOR-R: [0.522, 0.446, 0.481, 0.450, 0.523]
INFO:root:NEGATIVE_EFFECT-F1: [0.623, 0.643, 0.646, 0.713, 0.636]
INFO:root:NEGATIVE_EFFECT-P: [0.599, 0.638, 0.591, 0.664, 0.628]
INFO:root:NEGATIVE_EFFECT-R: [0.649, 0.647, 0.712, 0.771, 0.644]
INFO:root:OBJECTIVE-F1: [0.335, 0.351, 0.340, 0.384, 0.306]
INFO:root:OBJECTIVE-P: [0.252, 0.279, 0.251, 0.315, 0.232]
INFO:root:OBJECTIVE-R: [0.502, 0.476, 0.523, 0.492, 0.449]
INFO:root:VICTIM-F1: [0.633, 0.624, 0.651, 0.632, 0.645]
INFO:root:VICTIM-P: [0.621, 0.591, 0.634, 0.620, 0.617]
INFO:root:VICTIM-R: [0.646, 0.662, 0.669, 0.644, 0.676]
INFO:root:micro-P : [0.522, 0.529, 0.533, 0.543, 0.537]
INFO:root:macro-P : [0.473, 0.474, 0.478, 0.488, 0.479]
INFO:root:micro-R : [0.495, 0.488, 0.517, 0.504, 0.520]
INFO:root:macro-R : [0.570, 0.552, 0.582, 0.580, 0.576]
INFO:root:micro-F1: [0.508, 0.508, 0.525, 0.523, 0.528]
INFO:root:macro-F1: [0.512, 0.506, 0.518, 0.527, 0.519]
INFO:root:AGENT-F1m-b: [0.767, 0.792, 0.770, 0.750, 0.775]
INFO:root:AGENT-F1-b: [0.670, 0.717, 0.675, 0.657, 0.687]
INFO:root:AGENT-P-b: [0.570, 0.621, 0.572, 0.568, 0.605]
INFO:root:AGENT-R-b: [0.812, 0.847, 0.823, 0.779, 0.795]
INFO:root:CAMPAIGNER-F1m-b: [0.789, 0.764, 0.761, 0.746, 0.762]
INFO:root:CAMPAIGNER-F1-b: [0.740, 0.723, 0.722, 0.698, 0.732]
INFO:root:CAMPAIGNER-P-b: [0.653, 0.669, 0.651, 0.596, 0.640]
INFO:root:CAMPAIGNER-R-b: [0.854, 0.786, 0.812, 0.844, 0.856]
INFO:root:FACILITATOR-F1m-b: [0.711, 0.689, 0.691, 0.679, 0.690]
INFO:root:FACILITATOR-F1-b: [0.627, 0.581, 0.588, 0.576, 0.586]
INFO:root:FACILITATOR-P-b: [0.509, 0.466, 0.473, 0.491, 0.497]
INFO:root:FACILITATOR-R-b: [0.817, 0.772, 0.777, 0.696, 0.716]
INFO:root:NEGATIVE_EFFECT-F1m-b: [0.789, 0.789, 0.804, 0.824, 0.818]
INFO:root:NEGATIVE_EFFECT-F1-b: [0.795, 0.802, 0.805, 0.827, 0.829]
INFO:root:NEGATIVE_EFFECT-P-b: [0.738, 0.758, 0.752, 0.786, 0.785]
INFO:root:NEGATIVE_EFFECT-R-b: [0.861, 0.853, 0.867, 0.873, 0.877]
INFO:root:OBJECTIVE-F1m-b: [0.681, 0.718, 0.668, 0.699, 0.652]
INFO:root:OBJECTIVE-F1-b: [0.436, 0.503, 0.397, 0.468, 0.379]
INFO:root:OBJECTIVE-P-b: [0.353, 0.416, 0.315, 0.404, 0.287]
INFO:root:OBJECTIVE-R-b: [0.569, 0.635, 0.537, 0.557, 0.559]
INFO:root:VICTIM-F1m-b: [0.806, 0.789, 0.807, 0.791, 0.798]
INFO:root:VICTIM-F1-b: [0.815, 0.806, 0.827, 0.807, 0.813]
INFO:root:VICTIM-P-b: [0.766, 0.740, 0.782, 0.749, 0.767]
INFO:root:VICTIM-R-b: [0.870, 0.883, 0.878, 0.874, 0.864]
