INFO:root:RUNNING classif. experiments: lang=EN, num_folds=5, max_seq_len=256, eval=0.1, rnd_seed=564671, test=None
INFO:root:... HPARAMS = learning_rate: 2e-05; num_train_epochs: 3; warmup: 0.1; weight_decay: 0.01; batch_size: 16
INFO:root:RUNNING crossvalid. for model: FacebookAI/roberta-base
INFO:root:Starting Fold 1
INFO:root:model built
INFO:root:Fold 1 scores:
INFO:root:F1_macro  : 0.940; F1        : 0.939; F1-neg    : 0.942; ACC       : 0.941; prec      : 0.926; recall    : 0.952; MCC       : 0.881
INFO:root:Pausing for 1 minutes...
INFO:root:Starting Fold 2
INFO:root:model built
INFO:root:Fold 2 scores:
INFO:root:F1_macro  : 0.921; F1        : 0.920; F1-neg    : 0.923; ACC       : 0.921; prec      : 0.901; recall    : 0.939; MCC       : 0.843
INFO:root:Pausing for 1 minutes...
INFO:root:Starting Fold 3
INFO:root:model built
INFO:root:Fold 3 scores:
INFO:root:F1_macro  : 0.918; F1        : 0.918; F1-neg    : 0.917; ACC       : 0.918; prec      : 0.881; recall    : 0.958; MCC       : 0.838
INFO:root:Pausing for 1 minutes...
INFO:root:Starting Fold 4
INFO:root:model built
INFO:root:Fold 4 scores:
INFO:root:F1_macro  : 0.924; F1        : 0.924; F1-neg    : 0.924; ACC       : 0.924; prec      : 0.893; recall    : 0.956; MCC       : 0.850
INFO:root:Pausing for 1 minutes...
INFO:root:Starting Fold 5
INFO:root:model built
INFO:root:Fold 5 scores:
INFO:root:F1_macro  : 0.934; F1        : 0.933; F1-neg    : 0.935; ACC       : 0.934; prec      : 0.908; recall    : 0.960; MCC       : 0.870
INFO:root:CROSSVALIDATION results:
INFO:root:F1_macro  : count: 5.000; mean: 0.927; std: 0.009; min: 0.918; 25%: 0.921; 50%: 0.924; 75%: 0.934; max: 0.940
INFO:root:F1        : count: 5.000; mean: 0.927; std: 0.009; min: 0.918; 25%: 0.920; 50%: 0.924; 75%: 0.933; max: 0.939
INFO:root:F1-neg    : count: 5.000; mean: 0.928; std: 0.010; min: 0.917; 25%: 0.923; 50%: 0.924; 75%: 0.935; max: 0.942
INFO:root:ACC       : count: 5.000; mean: 0.927; std: 0.010; min: 0.918; 25%: 0.921; 50%: 0.924; 75%: 0.934; max: 0.941
INFO:root:prec      : count: 5.000; mean: 0.902; std: 0.017; min: 0.881; 25%: 0.893; 50%: 0.901; 75%: 0.908; max: 0.926
INFO:root:recall    : count: 5.000; mean: 0.953; std: 0.008; min: 0.939; 25%: 0.952; 50%: 0.956; 75%: 0.958; max: 0.960
INFO:root:MCC       : count: 5.000; mean: 0.857; std: 0.018; min: 0.838; 25%: 0.843; 50%: 0.850; 75%: 0.870; max: 0.881
INFO:root:Per-fold scores:
INFO:root:F1_macro  : [0.940, 0.921, 0.918, 0.924, 0.934]
INFO:root:F1        : [0.939, 0.920, 0.918, 0.924, 0.933]
INFO:root:F1-neg    : [0.942, 0.923, 0.917, 0.924, 0.935]
INFO:root:ACC       : [0.941, 0.921, 0.918, 0.924, 0.934]
INFO:root:prec      : [0.926, 0.901, 0.881, 0.893, 0.908]
INFO:root:recall    : [0.952, 0.939, 0.958, 0.956, 0.960]
INFO:root:MCC       : [0.881, 0.843, 0.838, 0.850, 0.870]
INFO:root:Confusion matrix:
INFO:root: 513.60,   54.60
INFO:root:  24.60,  499.60
INFO:root:Pausing for 2 minutes...
INFO:root:RUNNING classif. experiments: lang=ES, num_folds=5, max_seq_len=256, eval=0.1, rnd_seed=564671, test=None
INFO:root:... HPARAMS = learning_rate: 2e-05; num_train_epochs: 3; warmup: 0.1; weight_decay: 0.01; batch_size: 16
INFO:root:RUNNING crossvalid. for model: PlanTL-GOB-ES/roberta-base-bne
INFO:root:Starting Fold 1
INFO:root:model built
INFO:root:Fold 1 scores:
INFO:root:F1_macro  : 0.892; F1        : 0.887; F1-neg    : 0.897; ACC       : 0.892; prec      : 0.875; recall    : 0.900; MCC       : 0.784
INFO:root:Pausing for 1 minutes...
INFO:root:Starting Fold 2
INFO:root:model built
INFO:root:Fold 2 scores:
INFO:root:F1_macro  : 0.894; F1        : 0.888; F1-neg    : 0.900; ACC       : 0.894; prec      : 0.888; recall    : 0.888; MCC       : 0.787
INFO:root:Pausing for 1 minutes...
INFO:root:Starting Fold 3
INFO:root:model built
INFO:root:Fold 3 scores:
INFO:root:F1_macro  : 0.892; F1        : 0.886; F1-neg    : 0.898; ACC       : 0.892; prec      : 0.884; recall    : 0.888; MCC       : 0.784
INFO:root:Pausing for 1 minutes...
INFO:root:Starting Fold 4
INFO:root:model built
INFO:root:Fold 4 scores:
INFO:root:F1_macro  : 0.903; F1        : 0.897; F1-neg    : 0.909; ACC       : 0.903; prec      : 0.902; recall    : 0.892; MCC       : 0.806
INFO:root:Pausing for 1 minutes...
INFO:root:Starting Fold 5
INFO:root:model built
INFO:root:Fold 5 scores:
INFO:root:F1_macro  : 0.877; F1        : 0.870; F1-neg    : 0.884; ACC       : 0.877; prec      : 0.870; recall    : 0.870; MCC       : 0.754
INFO:root:CROSSVALIDATION results:
INFO:root:F1_macro  : count: 5.000; mean: 0.891; std: 0.009; min: 0.877; 25%: 0.892; 50%: 0.892; 75%: 0.894; max: 0.903
INFO:root:F1        : count: 5.000; mean: 0.886; std: 0.010; min: 0.870; 25%: 0.886; 50%: 0.887; 75%: 0.888; max: 0.897
INFO:root:F1-neg    : count: 5.000; mean: 0.897; std: 0.009; min: 0.884; 25%: 0.897; 50%: 0.898; 75%: 0.900; max: 0.909
INFO:root:ACC       : count: 5.000; mean: 0.892; std: 0.009; min: 0.877; 25%: 0.892; 50%: 0.892; 75%: 0.894; max: 0.903
INFO:root:prec      : count: 5.000; mean: 0.884; std: 0.012; min: 0.870; 25%: 0.875; 50%: 0.884; 75%: 0.888; max: 0.902
INFO:root:recall    : count: 5.000; mean: 0.887; std: 0.011; min: 0.870; 25%: 0.888; 50%: 0.888; 75%: 0.892; max: 0.900
INFO:root:MCC       : count: 5.000; mean: 0.783; std: 0.019; min: 0.754; 25%: 0.784; 50%: 0.784; 75%: 0.787; max: 0.806
INFO:root:Per-fold scores:
INFO:root:F1_macro  : [0.892, 0.894, 0.892, 0.903, 0.877]
INFO:root:F1        : [0.887, 0.888, 0.886, 0.897, 0.870]
INFO:root:F1-neg    : [0.897, 0.900, 0.898, 0.909, 0.884]
INFO:root:ACC       : [0.892, 0.894, 0.892, 0.903, 0.877]
INFO:root:prec      : [0.875, 0.888, 0.884, 0.902, 0.870]
INFO:root:recall    : [0.900, 0.888, 0.888, 0.892, 0.870]
INFO:root:MCC       : [0.784, 0.787, 0.784, 0.806, 0.754]
INFO:root:Confusion matrix:
INFO:root: 509.00,   59.20
INFO:root:  57.20,  450.40
INFO:root:Pausing for 2 minutes...
